2024-08-12 18:49:51,023 - INFO - Running [step3A.py], input folder: ./step2; 
n_chain = 4.0, n_batch = 13
2024-08-12 18:49:51,023 - INFO - Processing all chains together
2024-08-12 18:49:51,039 - INFO - RnCnP_vary-Tp0.0909_nc4_ni4000_nt2000_noburn_batch0.pkl
2024-08-12 18:49:52,337 - INFO - RnCnP_vary-Tp0.0909_nc4_ni4000_nt2000_noburn_batch1.pkl
2024-08-12 18:49:52,758 - INFO - RnCnP_vary-Tp0.0909_nc4_ni4000_nt2000_noburn_batch2.pkl
2024-08-12 18:49:53,160 - INFO - RnCnP_vary-Tp0.0909_nc4_ni4000_nt2000_noburn_batch3.pkl
2024-08-12 18:49:53,756 - INFO - RnCnP_vary-Tp0.0909_nc4_ni4000_nt2000_noburn_batch4.pkl
2024-08-12 18:49:54,176 - INFO - RnCnP_vary-Tp0.0909_nc4_ni4000_nt2000_noburn_batch5.pkl
2024-08-12 18:49:54,560 - INFO - RnCnP_vary-Tp0.0909_nc4_ni4000_nt2000_noburn_batch6.pkl
2024-08-12 18:49:54,989 - INFO - RnCnP_vary-Tp0.0909_nc4_ni4000_nt2000_noburn_batch7.pkl
2024-08-12 18:49:55,495 - INFO - RnCnP_vary-Tp0.0909_nc4_ni4000_nt2000_noburn_batch8.pkl
2024-08-12 18:49:55,986 - INFO - RnCnP_vary-Tp0.0909_nc4_ni4000_nt2000_noburn_batch9.pkl
2024-08-12 18:49:56,430 - INFO - RnCnP_vary-Tp0.0909_nc4_ni4000_nt2000_noburn_batch10.pkl
2024-08-12 18:49:56,865 - INFO - RnCnP_vary-Tp0.0909_nc4_ni4000_nt2000_noburn_batch11.pkl
2024-08-12 18:49:57,330 - INFO - RnCnP_vary-Tp0.0909_nc4_ni4000_nt2000_noburn_batch12.pkl
2024-08-12 18:49:57,611 - INFO - Completed combining chains: Saving to ./step3/step2-in2pgm.pkl
2024-08-12 18:49:57,621 - INFO - Step 3 part a - posteriors combination is completed, TIME:6.5977089405059814. 
 Now applying filtering and normalization...
2024-08-12 18:51:34,393 - INFO - Running [step3A.py], input folder: ./step2; 
n_chain = 4.0, n_batch = 13
2024-08-12 18:51:34,393 - INFO - Required files already exist in the intermediate folder. Skipping the posteriors combination.
2024-08-12 18:58:45,915 - INFO - Running [step3A.py], input folder: ./step2; 
n_chain = 4.0, n_batch = 13
2024-08-12 18:58:45,916 - INFO - Processing all chains together
2024-08-12 18:58:45,932 - INFO - RnCnP_vary-Tp0.0909_nc4_ni4000_nt2000_noburn_batch0.pkl
2024-08-12 18:58:47,228 - INFO - RnCnP_vary-Tp0.0909_nc4_ni4000_nt2000_noburn_batch1.pkl
2024-08-12 18:58:47,629 - INFO - RnCnP_vary-Tp0.0909_nc4_ni4000_nt2000_noburn_batch2.pkl
2024-08-12 18:58:48,004 - INFO - RnCnP_vary-Tp0.0909_nc4_ni4000_nt2000_noburn_batch3.pkl
2024-08-12 18:58:48,391 - INFO - RnCnP_vary-Tp0.0909_nc4_ni4000_nt2000_noburn_batch4.pkl
2024-08-12 18:58:48,755 - INFO - RnCnP_vary-Tp0.0909_nc4_ni4000_nt2000_noburn_batch5.pkl
2024-08-12 18:58:49,089 - INFO - RnCnP_vary-Tp0.0909_nc4_ni4000_nt2000_noburn_batch6.pkl
2024-08-12 18:58:49,482 - INFO - RnCnP_vary-Tp0.0909_nc4_ni4000_nt2000_noburn_batch7.pkl
2024-08-12 18:58:49,921 - INFO - RnCnP_vary-Tp0.0909_nc4_ni4000_nt2000_noburn_batch8.pkl
2024-08-12 18:58:50,356 - INFO - RnCnP_vary-Tp0.0909_nc4_ni4000_nt2000_noburn_batch9.pkl
2024-08-12 18:58:50,781 - INFO - RnCnP_vary-Tp0.0909_nc4_ni4000_nt2000_noburn_batch10.pkl
2024-08-12 18:58:51,167 - INFO - RnCnP_vary-Tp0.0909_nc4_ni4000_nt2000_noburn_batch11.pkl
2024-08-12 18:58:51,596 - INFO - RnCnP_vary-Tp0.0909_nc4_ni4000_nt2000_noburn_batch12.pkl
2024-08-12 18:58:51,847 - INFO - Completed combining chains: Saving to ./step3/step2-in2pgm.pkl
2024-08-12 18:58:51,913 - INFO - Step 3 part a - posteriors combination is completed, TIME:5.998197078704834. 
 Now applying filtering and normalization...
2024-08-12 18:59:48,816 - INFO - Running [step3A.py], input folder: ./step2; 
n_chain = 4.0, n_batch = 13
2024-08-12 18:59:48,816 - INFO - Processing all chains together
2024-08-12 18:59:48,830 - INFO - RnCnP_vary-Tp0.0909_nc4_ni4000_nt2000_noburn_batch0.pkl
2024-08-12 18:59:49,994 - INFO - RnCnP_vary-Tp0.0909_nc4_ni4000_nt2000_noburn_batch1.pkl
2024-08-12 18:59:50,430 - INFO - RnCnP_vary-Tp0.0909_nc4_ni4000_nt2000_noburn_batch2.pkl
2024-08-12 18:59:50,818 - INFO - RnCnP_vary-Tp0.0909_nc4_ni4000_nt2000_noburn_batch3.pkl
2024-08-12 18:59:51,236 - INFO - RnCnP_vary-Tp0.0909_nc4_ni4000_nt2000_noburn_batch4.pkl
2024-08-12 18:59:51,634 - INFO - RnCnP_vary-Tp0.0909_nc4_ni4000_nt2000_noburn_batch5.pkl
2024-08-12 18:59:51,973 - INFO - RnCnP_vary-Tp0.0909_nc4_ni4000_nt2000_noburn_batch6.pkl
2024-08-12 18:59:52,351 - INFO - RnCnP_vary-Tp0.0909_nc4_ni4000_nt2000_noburn_batch7.pkl
2024-08-12 18:59:52,719 - INFO - RnCnP_vary-Tp0.0909_nc4_ni4000_nt2000_noburn_batch8.pkl
2024-08-12 18:59:53,169 - INFO - RnCnP_vary-Tp0.0909_nc4_ni4000_nt2000_noburn_batch9.pkl
2024-08-12 18:59:53,594 - INFO - RnCnP_vary-Tp0.0909_nc4_ni4000_nt2000_noburn_batch10.pkl
2024-08-12 18:59:53,983 - INFO - RnCnP_vary-Tp0.0909_nc4_ni4000_nt2000_noburn_batch11.pkl
2024-08-12 18:59:54,426 - INFO - RnCnP_vary-Tp0.0909_nc4_ni4000_nt2000_noburn_batch12.pkl
2024-08-12 18:59:54,661 - INFO - Completed combining chains: Saving to ./step3/step2-in2pgm.pkl
2024-08-12 18:59:54,715 - INFO - Step 3 part a - posteriors combination is completed, TIME:5.898392915725708. 
 Now applying filtering and normalization...
2024-08-12 19:00:31,342 - INFO - Running [step3A.py], input folder: ./step2; 
n_chain = 4.0, n_batch = 13
2024-08-12 19:00:31,342 - INFO - Processing all chains together
2024-08-12 19:00:31,359 - INFO - RnCnP_vary-Tp0.0909_nc4_ni4000_nt2000_noburn_batch0.pkl
2024-08-12 19:00:32,547 - INFO - RnCnP_vary-Tp0.0909_nc4_ni4000_nt2000_noburn_batch1.pkl
2024-08-12 19:00:32,976 - INFO - RnCnP_vary-Tp0.0909_nc4_ni4000_nt2000_noburn_batch2.pkl
2024-08-12 19:00:33,370 - INFO - RnCnP_vary-Tp0.0909_nc4_ni4000_nt2000_noburn_batch3.pkl
2024-08-12 19:00:33,770 - INFO - RnCnP_vary-Tp0.0909_nc4_ni4000_nt2000_noburn_batch4.pkl
2024-08-12 19:00:34,189 - INFO - RnCnP_vary-Tp0.0909_nc4_ni4000_nt2000_noburn_batch5.pkl
2024-08-12 19:00:34,522 - INFO - RnCnP_vary-Tp0.0909_nc4_ni4000_nt2000_noburn_batch6.pkl
2024-08-12 19:00:34,898 - INFO - RnCnP_vary-Tp0.0909_nc4_ni4000_nt2000_noburn_batch7.pkl
2024-08-12 19:00:35,314 - INFO - RnCnP_vary-Tp0.0909_nc4_ni4000_nt2000_noburn_batch8.pkl
2024-08-12 19:00:35,720 - INFO - RnCnP_vary-Tp0.0909_nc4_ni4000_nt2000_noburn_batch9.pkl
2024-08-12 19:00:36,149 - INFO - RnCnP_vary-Tp0.0909_nc4_ni4000_nt2000_noburn_batch10.pkl
2024-08-12 19:00:36,549 - INFO - RnCnP_vary-Tp0.0909_nc4_ni4000_nt2000_noburn_batch11.pkl
2024-08-12 19:00:36,965 - INFO - RnCnP_vary-Tp0.0909_nc4_ni4000_nt2000_noburn_batch12.pkl
2024-08-12 19:00:37,246 - INFO - Completed combining chains: Saving to ./step3/step2-in2pgm.pkl
2024-08-12 19:00:37,310 - INFO - Step 3 part a - posteriors combination is completed, TIME:5.9686279296875. 
 Now applying filtering and normalization...
2024-08-12 19:00:57,303 - INFO - Running [step3A.py], input folder: ./step2; 
n_chain = 4.0, n_batch = 13
2024-08-12 19:00:57,303 - INFO - Processing all chains together
2024-08-12 19:00:57,318 - INFO - RnCnP_vary-Tp0.0909_nc4_ni4000_nt2000_noburn_batch0.pkl
2024-08-12 19:00:58,478 - INFO - RnCnP_vary-Tp0.0909_nc4_ni4000_nt2000_noburn_batch1.pkl
2024-08-12 19:00:58,883 - INFO - RnCnP_vary-Tp0.0909_nc4_ni4000_nt2000_noburn_batch2.pkl
2024-08-12 19:00:59,290 - INFO - RnCnP_vary-Tp0.0909_nc4_ni4000_nt2000_noburn_batch3.pkl
2024-08-12 19:00:59,692 - INFO - RnCnP_vary-Tp0.0909_nc4_ni4000_nt2000_noburn_batch4.pkl
2024-08-12 19:01:00,107 - INFO - RnCnP_vary-Tp0.0909_nc4_ni4000_nt2000_noburn_batch5.pkl
2024-08-12 19:01:00,462 - INFO - RnCnP_vary-Tp0.0909_nc4_ni4000_nt2000_noburn_batch6.pkl
2024-08-12 19:01:00,866 - INFO - RnCnP_vary-Tp0.0909_nc4_ni4000_nt2000_noburn_batch7.pkl
2024-08-12 19:01:01,272 - INFO - RnCnP_vary-Tp0.0909_nc4_ni4000_nt2000_noburn_batch8.pkl
2024-08-12 19:01:01,691 - INFO - RnCnP_vary-Tp0.0909_nc4_ni4000_nt2000_noburn_batch9.pkl
2024-08-12 19:01:02,112 - INFO - RnCnP_vary-Tp0.0909_nc4_ni4000_nt2000_noburn_batch10.pkl
2024-08-12 19:01:02,571 - INFO - RnCnP_vary-Tp0.0909_nc4_ni4000_nt2000_noburn_batch11.pkl
2024-08-12 19:01:03,043 - INFO - RnCnP_vary-Tp0.0909_nc4_ni4000_nt2000_noburn_batch12.pkl
2024-08-12 19:01:03,318 - INFO - Completed combining chains: Saving to ./step3/step2-in2pgm.pkl
2024-08-12 19:01:03,353 - INFO - Step 3 part a - posteriors combination is completed, TIME:6.050826072692871. 
 Now applying filtering and normalization...
2024-08-12 19:03:02,221 - INFO - Running [step3A.py], input folder: ./step2; 
n_chain = 4.0, n_batch = 13
2024-08-12 19:03:02,221 - INFO - Processing all chains together
2024-08-12 19:03:02,237 - INFO - RnCnP_vary-Tp0.0909_nc4_ni4000_nt2000_noburn_batch0.pkl
2024-08-12 19:03:03,447 - INFO - RnCnP_vary-Tp0.0909_nc4_ni4000_nt2000_noburn_batch1.pkl
2024-08-12 19:03:03,883 - INFO - RnCnP_vary-Tp0.0909_nc4_ni4000_nt2000_noburn_batch2.pkl
2024-08-12 19:03:04,303 - INFO - RnCnP_vary-Tp0.0909_nc4_ni4000_nt2000_noburn_batch3.pkl
2024-08-12 19:03:04,730 - INFO - RnCnP_vary-Tp0.0909_nc4_ni4000_nt2000_noburn_batch4.pkl
2024-08-12 19:03:05,127 - INFO - RnCnP_vary-Tp0.0909_nc4_ni4000_nt2000_noburn_batch5.pkl
2024-08-12 19:03:05,462 - INFO - RnCnP_vary-Tp0.0909_nc4_ni4000_nt2000_noburn_batch6.pkl
2024-08-12 19:03:05,847 - INFO - RnCnP_vary-Tp0.0909_nc4_ni4000_nt2000_noburn_batch7.pkl
2024-08-12 19:03:06,227 - INFO - RnCnP_vary-Tp0.0909_nc4_ni4000_nt2000_noburn_batch8.pkl
2024-08-12 19:03:06,610 - INFO - RnCnP_vary-Tp0.0909_nc4_ni4000_nt2000_noburn_batch9.pkl
2024-08-12 19:03:07,042 - INFO - RnCnP_vary-Tp0.0909_nc4_ni4000_nt2000_noburn_batch10.pkl
2024-08-12 19:03:07,422 - INFO - RnCnP_vary-Tp0.0909_nc4_ni4000_nt2000_noburn_batch11.pkl
2024-08-12 19:03:07,846 - INFO - RnCnP_vary-Tp0.0909_nc4_ni4000_nt2000_noburn_batch12.pkl
2024-08-12 19:03:08,093 - INFO - Completed combining chains: Saving to ./step3/step2-in2pgm.pkl
2024-08-12 19:03:08,154 - INFO - Step 3 part a - posteriors combination is completed, TIME:5.933230876922607. 
 Now applying filtering and normalization...
2024-08-12 19:04:25,562 - INFO - Running [step3A.py], input folder: ./step2; 
n_chain = 4.0, n_batch = 13
2024-08-12 19:04:25,562 - INFO - Processing all chains together
2024-08-12 19:04:25,576 - INFO - RnCnP_vary-Tp0.0909_nc4_ni4000_nt2000_noburn_batch0.pkl
2024-08-12 19:04:26,705 - INFO - RnCnP_vary-Tp0.0909_nc4_ni4000_nt2000_noburn_batch1.pkl
2024-08-12 19:04:27,118 - INFO - RnCnP_vary-Tp0.0909_nc4_ni4000_nt2000_noburn_batch2.pkl
2024-08-12 19:04:27,504 - INFO - RnCnP_vary-Tp0.0909_nc4_ni4000_nt2000_noburn_batch3.pkl
2024-08-12 19:04:27,894 - INFO - RnCnP_vary-Tp0.0909_nc4_ni4000_nt2000_noburn_batch4.pkl
2024-08-12 19:04:28,302 - INFO - RnCnP_vary-Tp0.0909_nc4_ni4000_nt2000_noburn_batch5.pkl
2024-08-12 19:04:28,649 - INFO - RnCnP_vary-Tp0.0909_nc4_ni4000_nt2000_noburn_batch6.pkl
2024-08-12 19:04:29,041 - INFO - RnCnP_vary-Tp0.0909_nc4_ni4000_nt2000_noburn_batch7.pkl
2024-08-12 19:04:29,446 - INFO - RnCnP_vary-Tp0.0909_nc4_ni4000_nt2000_noburn_batch8.pkl
2024-08-12 19:04:29,835 - INFO - RnCnP_vary-Tp0.0909_nc4_ni4000_nt2000_noburn_batch9.pkl
2024-08-12 19:04:30,238 - INFO - RnCnP_vary-Tp0.0909_nc4_ni4000_nt2000_noburn_batch10.pkl
2024-08-12 19:04:30,642 - INFO - RnCnP_vary-Tp0.0909_nc4_ni4000_nt2000_noburn_batch11.pkl
2024-08-12 19:04:31,090 - INFO - RnCnP_vary-Tp0.0909_nc4_ni4000_nt2000_noburn_batch12.pkl
2024-08-12 19:04:31,372 - INFO - Completed combining chains: Saving to ./step3/step2-in2pgm.pkl
2024-08-12 19:04:31,424 - INFO - Step 3 part a - posteriors combination is completed, TIME:5.862215042114258. 
 Now applying filtering and normalization...
2024-08-13 21:25:16,105 - INFO - Running [step3A.py], input folder: ./step2; 
n_chain = 4.0, n_batch = 124
2024-08-13 21:25:16,105 - INFO - Processing all chains together
2024-08-13 21:25:16,206 - INFO - RnCnP_vary-Tp0.0909_nc4_ni4000_nt2000_noburn_batch0.pkl
2024-08-13 21:25:22,675 - INFO - RnCnP_vary-Tp0.0909_nc4_ni4000_nt2000_noburn_batch1.pkl
2024-08-13 21:25:22,766 - INFO - RnCnP_vary-Tp0.0909_nc4_ni4000_nt2000_noburn_batch2.pkl
2024-08-13 21:25:22,859 - INFO - RnCnP_vary-Tp0.0909_nc4_ni4000_nt2000_noburn_batch3.pkl
2024-08-13 21:25:22,928 - INFO - RnCnP_vary-Tp0.0909_nc4_ni4000_nt2000_noburn_batch4.pkl
2024-08-13 21:25:23,030 - INFO - RnCnP_vary-Tp0.0909_nc4_ni4000_nt2000_noburn_batch5.pkl
2024-08-13 21:25:23,107 - INFO - RnCnP_vary-Tp0.0909_nc4_ni4000_nt2000_noburn_batch6.pkl
2024-08-13 21:25:23,177 - INFO - RnCnP_vary-Tp0.0909_nc4_ni4000_nt2000_noburn_batch7.pkl
2024-08-13 21:25:23,264 - INFO - RnCnP_vary-Tp0.0909_nc4_ni4000_nt2000_noburn_batch8.pkl
2024-08-13 21:25:23,348 - INFO - RnCnP_vary-Tp0.0909_nc4_ni4000_nt2000_noburn_batch9.pkl
2024-08-13 21:25:23,419 - INFO - RnCnP_vary-Tp0.0909_nc4_ni4000_nt2000_noburn_batch10.pkl
2024-08-13 21:25:23,482 - INFO - RnCnP_vary-Tp0.0909_nc4_ni4000_nt2000_noburn_batch11.pkl
2024-08-13 21:25:23,546 - INFO - RnCnP_vary-Tp0.0909_nc4_ni4000_nt2000_noburn_batch12.pkl
2024-08-13 21:25:23,607 - INFO - RnCnP_vary-Tp0.0909_nc4_ni4000_nt2000_noburn_batch13.pkl
2024-08-13 21:25:23,663 - INFO - RnCnP_vary-Tp0.0909_nc4_ni4000_nt2000_noburn_batch14.pkl
2024-08-13 21:25:23,735 - INFO - RnCnP_vary-Tp0.0909_nc4_ni4000_nt2000_noburn_batch15.pkl
2024-08-13 21:25:23,798 - INFO - RnCnP_vary-Tp0.0909_nc4_ni4000_nt2000_noburn_batch16.pkl
2024-08-13 21:25:23,868 - INFO - RnCnP_vary-Tp0.0909_nc4_ni4000_nt2000_noburn_batch17.pkl
2024-08-13 21:25:23,952 - INFO - RnCnP_vary-Tp0.0909_nc4_ni4000_nt2000_noburn_batch18.pkl
2024-08-13 21:25:24,003 - INFO - RnCnP_vary-Tp0.0909_nc4_ni4000_nt2000_noburn_batch19.pkl
2024-08-13 21:25:24,055 - INFO - RnCnP_vary-Tp0.0909_nc4_ni4000_nt2000_noburn_batch20.pkl
2024-08-13 21:25:24,138 - INFO - RnCnP_vary-Tp0.0909_nc4_ni4000_nt2000_noburn_batch21.pkl
2024-08-13 21:25:24,210 - INFO - RnCnP_vary-Tp0.0909_nc4_ni4000_nt2000_noburn_batch22.pkl
2024-08-13 21:25:24,278 - INFO - RnCnP_vary-Tp0.0909_nc4_ni4000_nt2000_noburn_batch23.pkl
2024-08-13 21:25:24,336 - INFO - RnCnP_vary-Tp0.0909_nc4_ni4000_nt2000_noburn_batch24.pkl
2024-08-13 21:25:24,391 - INFO - RnCnP_vary-Tp0.0909_nc4_ni4000_nt2000_noburn_batch25.pkl
2024-08-13 21:25:24,446 - INFO - RnCnP_vary-Tp0.0909_nc4_ni4000_nt2000_noburn_batch26.pkl
2024-08-13 21:25:24,500 - INFO - RnCnP_vary-Tp0.0909_nc4_ni4000_nt2000_noburn_batch27.pkl
2024-08-13 21:25:24,582 - INFO - RnCnP_vary-Tp0.0909_nc4_ni4000_nt2000_noburn_batch28.pkl
2024-08-13 21:25:24,642 - INFO - RnCnP_vary-Tp0.0909_nc4_ni4000_nt2000_noburn_batch29.pkl
2024-08-13 21:25:24,701 - INFO - RnCnP_vary-Tp0.0909_nc4_ni4000_nt2000_noburn_batch30.pkl
2024-08-13 21:25:24,752 - INFO - RnCnP_vary-Tp0.0909_nc4_ni4000_nt2000_noburn_batch31.pkl
2024-08-13 21:25:24,817 - INFO - RnCnP_vary-Tp0.0909_nc4_ni4000_nt2000_noburn_batch32.pkl
2024-08-13 21:25:24,869 - INFO - RnCnP_vary-Tp0.0909_nc4_ni4000_nt2000_noburn_batch33.pkl
2024-08-13 21:25:24,925 - INFO - RnCnP_vary-Tp0.0909_nc4_ni4000_nt2000_noburn_batch34.pkl
2024-08-13 21:25:24,998 - INFO - RnCnP_vary-Tp0.0909_nc4_ni4000_nt2000_noburn_batch35.pkl
2024-08-13 21:25:25,061 - INFO - RnCnP_vary-Tp0.0909_nc4_ni4000_nt2000_noburn_batch36.pkl
2024-08-13 21:25:25,117 - INFO - RnCnP_vary-Tp0.0909_nc4_ni4000_nt2000_noburn_batch37.pkl
2024-08-13 21:25:25,164 - INFO - RnCnP_vary-Tp0.0909_nc4_ni4000_nt2000_noburn_batch38.pkl
2024-08-13 21:25:25,251 - INFO - RnCnP_vary-Tp0.0909_nc4_ni4000_nt2000_noburn_batch39.pkl
2024-08-13 21:25:25,319 - INFO - RnCnP_vary-Tp0.0909_nc4_ni4000_nt2000_noburn_batch40.pkl
2024-08-13 21:25:25,472 - INFO - RnCnP_vary-Tp0.0909_nc4_ni4000_nt2000_noburn_batch41.pkl
2024-08-13 21:25:25,545 - INFO - RnCnP_vary-Tp0.0909_nc4_ni4000_nt2000_noburn_batch42.pkl
2024-08-13 21:25:25,612 - INFO - RnCnP_vary-Tp0.0909_nc4_ni4000_nt2000_noburn_batch43.pkl
2024-08-13 21:25:25,681 - INFO - RnCnP_vary-Tp0.0909_nc4_ni4000_nt2000_noburn_batch44.pkl
2024-08-13 21:25:25,750 - INFO - RnCnP_vary-Tp0.0909_nc4_ni4000_nt2000_noburn_batch45.pkl
2024-08-13 21:25:25,818 - INFO - RnCnP_vary-Tp0.0909_nc4_ni4000_nt2000_noburn_batch46.pkl
2024-08-13 21:25:25,922 - INFO - RnCnP_vary-Tp0.0909_nc4_ni4000_nt2000_noburn_batch47.pkl
2024-08-13 21:25:25,993 - INFO - RnCnP_vary-Tp0.0909_nc4_ni4000_nt2000_noburn_batch48.pkl
2024-08-13 21:25:26,052 - INFO - RnCnP_vary-Tp0.0909_nc4_ni4000_nt2000_noburn_batch49.pkl
2024-08-13 21:25:26,113 - INFO - RnCnP_vary-Tp0.0909_nc4_ni4000_nt2000_noburn_batch50.pkl
2024-08-13 21:25:26,164 - INFO - RnCnP_vary-Tp0.0909_nc4_ni4000_nt2000_noburn_batch51.pkl
2024-08-13 21:25:26,232 - INFO - RnCnP_vary-Tp0.0909_nc4_ni4000_nt2000_noburn_batch52.pkl
2024-08-13 21:25:26,290 - INFO - RnCnP_vary-Tp0.0909_nc4_ni4000_nt2000_noburn_batch53.pkl
2024-08-13 21:25:26,367 - INFO - RnCnP_vary-Tp0.0909_nc4_ni4000_nt2000_noburn_batch54.pkl
2024-08-13 21:25:26,440 - INFO - RnCnP_vary-Tp0.0909_nc4_ni4000_nt2000_noburn_batch55.pkl
2024-08-13 21:25:26,492 - INFO - RnCnP_vary-Tp0.0909_nc4_ni4000_nt2000_noburn_batch56.pkl
2024-08-13 21:25:26,549 - INFO - RnCnP_vary-Tp0.0909_nc4_ni4000_nt2000_noburn_batch57.pkl
2024-08-13 21:25:26,599 - INFO - RnCnP_vary-Tp0.0909_nc4_ni4000_nt2000_noburn_batch58.pkl
2024-08-13 21:25:26,668 - INFO - RnCnP_vary-Tp0.0909_nc4_ni4000_nt2000_noburn_batch59.pkl
2024-08-13 21:25:26,726 - INFO - RnCnP_vary-Tp0.0909_nc4_ni4000_nt2000_noburn_batch60.pkl
2024-08-13 21:25:26,804 - INFO - RnCnP_vary-Tp0.0909_nc4_ni4000_nt2000_noburn_batch61.pkl
2024-08-13 21:25:26,867 - INFO - RnCnP_vary-Tp0.0909_nc4_ni4000_nt2000_noburn_batch62.pkl
2024-08-13 21:25:26,929 - INFO - RnCnP_vary-Tp0.0909_nc4_ni4000_nt2000_noburn_batch63.pkl
2024-08-13 21:25:26,979 - INFO - RnCnP_vary-Tp0.0909_nc4_ni4000_nt2000_noburn_batch64.pkl
2024-08-13 21:25:27,043 - INFO - RnCnP_vary-Tp0.0909_nc4_ni4000_nt2000_noburn_batch65.pkl
2024-08-13 21:25:27,114 - INFO - RnCnP_vary-Tp0.0909_nc4_ni4000_nt2000_noburn_batch66.pkl
2024-08-13 21:25:27,197 - INFO - RnCnP_vary-Tp0.0909_nc4_ni4000_nt2000_noburn_batch67.pkl
2024-08-13 21:25:27,277 - INFO - RnCnP_vary-Tp0.0909_nc4_ni4000_nt2000_noburn_batch68.pkl
2024-08-13 21:25:27,345 - INFO - RnCnP_vary-Tp0.0909_nc4_ni4000_nt2000_noburn_batch69.pkl
2024-08-13 21:25:27,407 - INFO - RnCnP_vary-Tp0.0909_nc4_ni4000_nt2000_noburn_batch70.pkl
2024-08-13 21:25:27,474 - INFO - RnCnP_vary-Tp0.0909_nc4_ni4000_nt2000_noburn_batch71.pkl
2024-08-13 21:25:27,535 - INFO - RnCnP_vary-Tp0.0909_nc4_ni4000_nt2000_noburn_batch72.pkl
2024-08-13 21:25:27,617 - INFO - RnCnP_vary-Tp0.0909_nc4_ni4000_nt2000_noburn_batch73.pkl
2024-08-13 21:25:27,679 - INFO - RnCnP_vary-Tp0.0909_nc4_ni4000_nt2000_noburn_batch74.pkl
2024-08-13 21:25:27,736 - INFO - RnCnP_vary-Tp0.0909_nc4_ni4000_nt2000_noburn_batch75.pkl
2024-08-13 21:25:27,793 - INFO - RnCnP_vary-Tp0.0909_nc4_ni4000_nt2000_noburn_batch76.pkl
2024-08-13 21:25:27,861 - INFO - RnCnP_vary-Tp0.0909_nc4_ni4000_nt2000_noburn_batch77.pkl
2024-08-13 21:25:27,922 - INFO - RnCnP_vary-Tp0.0909_nc4_ni4000_nt2000_noburn_batch78.pkl
2024-08-13 21:25:27,986 - INFO - RnCnP_vary-Tp0.0909_nc4_ni4000_nt2000_noburn_batch79.pkl
2024-08-13 21:25:28,062 - INFO - RnCnP_vary-Tp0.0909_nc4_ni4000_nt2000_noburn_batch80.pkl
2024-08-13 21:25:28,126 - INFO - RnCnP_vary-Tp0.0909_nc4_ni4000_nt2000_noburn_batch81.pkl
2024-08-13 21:25:28,188 - INFO - RnCnP_vary-Tp0.0909_nc4_ni4000_nt2000_noburn_batch82.pkl
2024-08-13 21:25:28,245 - INFO - RnCnP_vary-Tp0.0909_nc4_ni4000_nt2000_noburn_batch83.pkl
2024-08-13 21:25:28,297 - INFO - RnCnP_vary-Tp0.0909_nc4_ni4000_nt2000_noburn_batch84.pkl
2024-08-13 21:25:28,353 - INFO - RnCnP_vary-Tp0.0909_nc4_ni4000_nt2000_noburn_batch85.pkl
2024-08-13 21:25:28,411 - INFO - RnCnP_vary-Tp0.0909_nc4_ni4000_nt2000_noburn_batch86.pkl
2024-08-13 21:25:28,510 - INFO - RnCnP_vary-Tp0.0909_nc4_ni4000_nt2000_noburn_batch87.pkl
2024-08-13 21:25:28,579 - INFO - RnCnP_vary-Tp0.0909_nc4_ni4000_nt2000_noburn_batch88.pkl
2024-08-13 21:25:28,643 - INFO - RnCnP_vary-Tp0.0909_nc4_ni4000_nt2000_noburn_batch89.pkl
2024-08-13 21:25:28,697 - INFO - RnCnP_vary-Tp0.0909_nc4_ni4000_nt2000_noburn_batch90.pkl
2024-08-13 21:25:28,767 - INFO - RnCnP_vary-Tp0.0909_nc4_ni4000_nt2000_noburn_batch91.pkl
2024-08-13 21:25:28,817 - INFO - RnCnP_vary-Tp0.0909_nc4_ni4000_nt2000_noburn_batch92.pkl
2024-08-13 21:25:28,903 - INFO - RnCnP_vary-Tp0.0909_nc4_ni4000_nt2000_noburn_batch93.pkl
2024-08-13 21:25:28,964 - INFO - RnCnP_vary-Tp0.0909_nc4_ni4000_nt2000_noburn_batch94.pkl
2024-08-13 21:25:29,024 - INFO - RnCnP_vary-Tp0.0909_nc4_ni4000_nt2000_noburn_batch95.pkl
2024-08-13 21:25:29,079 - INFO - RnCnP_vary-Tp0.0909_nc4_ni4000_nt2000_noburn_batch96.pkl
2024-08-13 21:25:29,129 - INFO - RnCnP_vary-Tp0.0909_nc4_ni4000_nt2000_noburn_batch97.pkl
2024-08-13 21:25:29,190 - INFO - RnCnP_vary-Tp0.0909_nc4_ni4000_nt2000_noburn_batch98.pkl
2024-08-13 21:25:29,267 - INFO - RnCnP_vary-Tp0.0909_nc4_ni4000_nt2000_noburn_batch99.pkl
2024-08-13 21:25:29,331 - INFO - RnCnP_vary-Tp0.0909_nc4_ni4000_nt2000_noburn_batch100.pkl
2024-08-13 21:25:29,390 - INFO - RnCnP_vary-Tp0.0909_nc4_ni4000_nt2000_noburn_batch101.pkl
2024-08-13 21:25:29,442 - INFO - RnCnP_vary-Tp0.0909_nc4_ni4000_nt2000_noburn_batch102.pkl
2024-08-13 21:25:29,496 - INFO - RnCnP_vary-Tp0.0909_nc4_ni4000_nt2000_noburn_batch103.pkl
2024-08-13 21:25:29,663 - INFO - RnCnP_vary-Tp0.0909_nc4_ni4000_nt2000_noburn_batch104.pkl
2024-08-13 21:25:29,786 - INFO - RnCnP_vary-Tp0.0909_nc4_ni4000_nt2000_noburn_batch105.pkl
2024-08-13 21:25:29,880 - INFO - RnCnP_vary-Tp0.0909_nc4_ni4000_nt2000_noburn_batch106.pkl
2024-08-13 21:25:29,944 - INFO - RnCnP_vary-Tp0.0909_nc4_ni4000_nt2000_noburn_batch107.pkl
2024-08-13 21:25:30,018 - INFO - RnCnP_vary-Tp0.0909_nc4_ni4000_nt2000_noburn_batch108.pkl
2024-08-13 21:25:30,085 - INFO - RnCnP_vary-Tp0.0909_nc4_ni4000_nt2000_noburn_batch109.pkl
2024-08-13 21:25:30,135 - INFO - RnCnP_vary-Tp0.0909_nc4_ni4000_nt2000_noburn_batch110.pkl
2024-08-13 21:25:30,196 - INFO - RnCnP_vary-Tp0.0909_nc4_ni4000_nt2000_noburn_batch111.pkl
2024-08-13 21:25:30,252 - INFO - RnCnP_vary-Tp0.0909_nc4_ni4000_nt2000_noburn_batch112.pkl
2024-08-13 21:25:30,325 - INFO - RnCnP_vary-Tp0.0909_nc4_ni4000_nt2000_noburn_batch113.pkl
2024-08-13 21:25:30,371 - INFO - RnCnP_vary-Tp0.0909_nc4_ni4000_nt2000_noburn_batch114.pkl
2024-08-13 21:25:30,441 - INFO - RnCnP_vary-Tp0.0909_nc4_ni4000_nt2000_noburn_batch115.pkl
2024-08-13 21:25:30,498 - INFO - RnCnP_vary-Tp0.0909_nc4_ni4000_nt2000_noburn_batch116.pkl
2024-08-13 21:25:30,561 - INFO - RnCnP_vary-Tp0.0909_nc4_ni4000_nt2000_noburn_batch117.pkl
2024-08-13 21:25:30,624 - INFO - RnCnP_vary-Tp0.0909_nc4_ni4000_nt2000_noburn_batch118.pkl
2024-08-13 21:25:30,768 - INFO - RnCnP_vary-Tp0.0909_nc4_ni4000_nt2000_noburn_batch119.pkl
2024-08-13 21:25:30,840 - INFO - RnCnP_vary-Tp0.0909_nc4_ni4000_nt2000_noburn_batch120.pkl
2024-08-13 21:25:30,899 - INFO - RnCnP_vary-Tp0.0909_nc4_ni4000_nt2000_noburn_batch121.pkl
2024-08-13 21:25:30,950 - INFO - RnCnP_vary-Tp0.0909_nc4_ni4000_nt2000_noburn_batch122.pkl
2024-08-13 21:25:31,014 - INFO - RnCnP_vary-Tp0.0909_nc4_ni4000_nt2000_noburn_batch123.pkl
2024-08-13 21:25:31,099 - INFO - Completed combining chains: Saving to ./step3/step2-in2pgm.pkl
2024-08-13 21:25:31,165 - INFO - Step 3 part a - posteriors combination is completed, TIME:15.060850858688354. 
 Now applying filtering and normalization...
2024-08-13 21:26:14,529 - INFO - Running [step3A.py], input folder: ./step2; 
n_chain = 4.0, n_batch = 124
2024-08-13 21:26:14,529 - INFO - Processing all chains together
2024-08-13 21:26:14,544 - INFO - RnCnP_vary-Tp0.0909_nc4_ni4000_nt2000_noburn_batch0.pkl
2024-08-13 21:26:15,429 - INFO - RnCnP_vary-Tp0.0909_nc4_ni4000_nt2000_noburn_batch1.pkl
2024-08-13 21:26:15,519 - INFO - RnCnP_vary-Tp0.0909_nc4_ni4000_nt2000_noburn_batch2.pkl
2024-08-13 21:26:15,582 - INFO - RnCnP_vary-Tp0.0909_nc4_ni4000_nt2000_noburn_batch3.pkl
2024-08-13 21:26:15,634 - INFO - RnCnP_vary-Tp0.0909_nc4_ni4000_nt2000_noburn_batch4.pkl
2024-08-13 21:26:15,689 - INFO - RnCnP_vary-Tp0.0909_nc4_ni4000_nt2000_noburn_batch5.pkl
2024-08-13 21:26:15,733 - INFO - RnCnP_vary-Tp0.0909_nc4_ni4000_nt2000_noburn_batch6.pkl
2024-08-13 21:26:15,782 - INFO - RnCnP_vary-Tp0.0909_nc4_ni4000_nt2000_noburn_batch7.pkl
2024-08-13 21:26:15,861 - INFO - RnCnP_vary-Tp0.0909_nc4_ni4000_nt2000_noburn_batch8.pkl
2024-08-13 21:26:15,934 - INFO - RnCnP_vary-Tp0.0909_nc4_ni4000_nt2000_noburn_batch9.pkl
2024-08-13 21:26:15,989 - INFO - RnCnP_vary-Tp0.0909_nc4_ni4000_nt2000_noburn_batch10.pkl
2024-08-13 21:26:16,048 - INFO - RnCnP_vary-Tp0.0909_nc4_ni4000_nt2000_noburn_batch11.pkl
2024-08-13 21:26:16,096 - INFO - RnCnP_vary-Tp0.0909_nc4_ni4000_nt2000_noburn_batch12.pkl
2024-08-13 21:26:16,162 - INFO - RnCnP_vary-Tp0.0909_nc4_ni4000_nt2000_noburn_batch13.pkl
2024-08-13 21:26:16,217 - INFO - RnCnP_vary-Tp0.0909_nc4_ni4000_nt2000_noburn_batch14.pkl
2024-08-13 21:26:16,289 - INFO - RnCnP_vary-Tp0.0909_nc4_ni4000_nt2000_noburn_batch15.pkl
2024-08-13 21:26:16,342 - INFO - RnCnP_vary-Tp0.0909_nc4_ni4000_nt2000_noburn_batch16.pkl
2024-08-13 21:26:16,390 - INFO - RnCnP_vary-Tp0.0909_nc4_ni4000_nt2000_noburn_batch17.pkl
2024-08-13 21:26:16,438 - INFO - RnCnP_vary-Tp0.0909_nc4_ni4000_nt2000_noburn_batch18.pkl
2024-08-13 21:26:16,485 - INFO - RnCnP_vary-Tp0.0909_nc4_ni4000_nt2000_noburn_batch19.pkl
2024-08-13 21:26:16,538 - INFO - RnCnP_vary-Tp0.0909_nc4_ni4000_nt2000_noburn_batch20.pkl
2024-08-13 21:26:16,622 - INFO - RnCnP_vary-Tp0.0909_nc4_ni4000_nt2000_noburn_batch21.pkl
2024-08-13 21:26:16,692 - INFO - RnCnP_vary-Tp0.0909_nc4_ni4000_nt2000_noburn_batch22.pkl
2024-08-13 21:26:16,752 - INFO - RnCnP_vary-Tp0.0909_nc4_ni4000_nt2000_noburn_batch23.pkl
2024-08-13 21:26:16,800 - INFO - RnCnP_vary-Tp0.0909_nc4_ni4000_nt2000_noburn_batch24.pkl
2024-08-13 21:26:16,851 - INFO - RnCnP_vary-Tp0.0909_nc4_ni4000_nt2000_noburn_batch25.pkl
2024-08-13 21:26:16,897 - INFO - RnCnP_vary-Tp0.0909_nc4_ni4000_nt2000_noburn_batch26.pkl
2024-08-13 21:26:16,940 - INFO - RnCnP_vary-Tp0.0909_nc4_ni4000_nt2000_noburn_batch27.pkl
2024-08-13 21:26:17,013 - INFO - RnCnP_vary-Tp0.0909_nc4_ni4000_nt2000_noburn_batch28.pkl
2024-08-13 21:26:17,080 - INFO - RnCnP_vary-Tp0.0909_nc4_ni4000_nt2000_noburn_batch29.pkl
2024-08-13 21:26:17,149 - INFO - RnCnP_vary-Tp0.0909_nc4_ni4000_nt2000_noburn_batch30.pkl
2024-08-13 21:26:17,211 - INFO - RnCnP_vary-Tp0.0909_nc4_ni4000_nt2000_noburn_batch31.pkl
2024-08-13 21:26:17,271 - INFO - RnCnP_vary-Tp0.0909_nc4_ni4000_nt2000_noburn_batch32.pkl
2024-08-13 21:26:17,323 - INFO - RnCnP_vary-Tp0.0909_nc4_ni4000_nt2000_noburn_batch33.pkl
2024-08-13 21:26:17,380 - INFO - RnCnP_vary-Tp0.0909_nc4_ni4000_nt2000_noburn_batch34.pkl
2024-08-13 21:26:17,449 - INFO - RnCnP_vary-Tp0.0909_nc4_ni4000_nt2000_noburn_batch35.pkl
2024-08-13 21:26:17,525 - INFO - RnCnP_vary-Tp0.0909_nc4_ni4000_nt2000_noburn_batch36.pkl
2024-08-13 21:26:17,576 - INFO - RnCnP_vary-Tp0.0909_nc4_ni4000_nt2000_noburn_batch37.pkl
2024-08-13 21:26:17,631 - INFO - RnCnP_vary-Tp0.0909_nc4_ni4000_nt2000_noburn_batch38.pkl
2024-08-13 21:26:17,688 - INFO - RnCnP_vary-Tp0.0909_nc4_ni4000_nt2000_noburn_batch39.pkl
2024-08-13 21:26:17,736 - INFO - RnCnP_vary-Tp0.0909_nc4_ni4000_nt2000_noburn_batch40.pkl
2024-08-13 21:26:17,814 - INFO - RnCnP_vary-Tp0.0909_nc4_ni4000_nt2000_noburn_batch41.pkl
2024-08-13 21:26:17,875 - INFO - RnCnP_vary-Tp0.0909_nc4_ni4000_nt2000_noburn_batch42.pkl
2024-08-13 21:26:17,933 - INFO - RnCnP_vary-Tp0.0909_nc4_ni4000_nt2000_noburn_batch43.pkl
2024-08-13 21:26:17,983 - INFO - RnCnP_vary-Tp0.0909_nc4_ni4000_nt2000_noburn_batch44.pkl
2024-08-13 21:26:18,032 - INFO - RnCnP_vary-Tp0.0909_nc4_ni4000_nt2000_noburn_batch45.pkl
2024-08-13 21:26:18,086 - INFO - RnCnP_vary-Tp0.0909_nc4_ni4000_nt2000_noburn_batch46.pkl
2024-08-13 21:26:18,161 - INFO - RnCnP_vary-Tp0.0909_nc4_ni4000_nt2000_noburn_batch47.pkl
2024-08-13 21:26:18,217 - INFO - RnCnP_vary-Tp0.0909_nc4_ni4000_nt2000_noburn_batch48.pkl
2024-08-13 21:26:18,269 - INFO - RnCnP_vary-Tp0.0909_nc4_ni4000_nt2000_noburn_batch49.pkl
2024-08-13 21:26:18,316 - INFO - RnCnP_vary-Tp0.0909_nc4_ni4000_nt2000_noburn_batch50.pkl
2024-08-13 21:26:18,362 - INFO - RnCnP_vary-Tp0.0909_nc4_ni4000_nt2000_noburn_batch51.pkl
2024-08-13 21:26:18,415 - INFO - RnCnP_vary-Tp0.0909_nc4_ni4000_nt2000_noburn_batch52.pkl
2024-08-13 21:26:18,464 - INFO - RnCnP_vary-Tp0.0909_nc4_ni4000_nt2000_noburn_batch53.pkl
2024-08-13 21:26:18,552 - INFO - RnCnP_vary-Tp0.0909_nc4_ni4000_nt2000_noburn_batch54.pkl
2024-08-13 21:26:18,609 - INFO - RnCnP_vary-Tp0.0909_nc4_ni4000_nt2000_noburn_batch55.pkl
2024-08-13 21:26:18,661 - INFO - RnCnP_vary-Tp0.0909_nc4_ni4000_nt2000_noburn_batch56.pkl
2024-08-13 21:26:18,707 - INFO - RnCnP_vary-Tp0.0909_nc4_ni4000_nt2000_noburn_batch57.pkl
2024-08-13 21:26:18,760 - INFO - RnCnP_vary-Tp0.0909_nc4_ni4000_nt2000_noburn_batch58.pkl
2024-08-13 21:26:18,806 - INFO - RnCnP_vary-Tp0.0909_nc4_ni4000_nt2000_noburn_batch59.pkl
2024-08-13 21:26:18,869 - INFO - RnCnP_vary-Tp0.0909_nc4_ni4000_nt2000_noburn_batch60.pkl
2024-08-13 21:26:18,950 - INFO - RnCnP_vary-Tp0.0909_nc4_ni4000_nt2000_noburn_batch61.pkl
2024-08-13 21:26:19,017 - INFO - RnCnP_vary-Tp0.0909_nc4_ni4000_nt2000_noburn_batch62.pkl
2024-08-13 21:26:19,066 - INFO - RnCnP_vary-Tp0.0909_nc4_ni4000_nt2000_noburn_batch63.pkl
2024-08-13 21:26:19,124 - INFO - RnCnP_vary-Tp0.0909_nc4_ni4000_nt2000_noburn_batch64.pkl
2024-08-13 21:26:19,186 - INFO - RnCnP_vary-Tp0.0909_nc4_ni4000_nt2000_noburn_batch65.pkl
2024-08-13 21:26:19,245 - INFO - RnCnP_vary-Tp0.0909_nc4_ni4000_nt2000_noburn_batch66.pkl
2024-08-13 21:26:19,322 - INFO - RnCnP_vary-Tp0.0909_nc4_ni4000_nt2000_noburn_batch67.pkl
2024-08-13 21:26:19,383 - INFO - RnCnP_vary-Tp0.0909_nc4_ni4000_nt2000_noburn_batch68.pkl
2024-08-13 21:26:19,451 - INFO - RnCnP_vary-Tp0.0909_nc4_ni4000_nt2000_noburn_batch69.pkl
2024-08-13 21:26:19,502 - INFO - RnCnP_vary-Tp0.0909_nc4_ni4000_nt2000_noburn_batch70.pkl
2024-08-13 21:26:19,566 - INFO - RnCnP_vary-Tp0.0909_nc4_ni4000_nt2000_noburn_batch71.pkl
2024-08-13 21:26:19,629 - INFO - RnCnP_vary-Tp0.0909_nc4_ni4000_nt2000_noburn_batch72.pkl
2024-08-13 21:26:19,704 - INFO - RnCnP_vary-Tp0.0909_nc4_ni4000_nt2000_noburn_batch73.pkl
2024-08-13 21:26:19,774 - INFO - RnCnP_vary-Tp0.0909_nc4_ni4000_nt2000_noburn_batch74.pkl
2024-08-13 21:26:19,835 - INFO - RnCnP_vary-Tp0.0909_nc4_ni4000_nt2000_noburn_batch75.pkl
2024-08-13 21:26:19,894 - INFO - RnCnP_vary-Tp0.0909_nc4_ni4000_nt2000_noburn_batch76.pkl
2024-08-13 21:26:19,950 - INFO - RnCnP_vary-Tp0.0909_nc4_ni4000_nt2000_noburn_batch77.pkl
2024-08-13 21:26:20,004 - INFO - RnCnP_vary-Tp0.0909_nc4_ni4000_nt2000_noburn_batch78.pkl
2024-08-13 21:26:20,070 - INFO - RnCnP_vary-Tp0.0909_nc4_ni4000_nt2000_noburn_batch79.pkl
2024-08-13 21:26:20,153 - INFO - RnCnP_vary-Tp0.0909_nc4_ni4000_nt2000_noburn_batch80.pkl
2024-08-13 21:26:20,216 - INFO - RnCnP_vary-Tp0.0909_nc4_ni4000_nt2000_noburn_batch81.pkl
2024-08-13 21:26:20,277 - INFO - RnCnP_vary-Tp0.0909_nc4_ni4000_nt2000_noburn_batch82.pkl
2024-08-13 21:26:20,326 - INFO - RnCnP_vary-Tp0.0909_nc4_ni4000_nt2000_noburn_batch83.pkl
2024-08-13 21:26:20,384 - INFO - RnCnP_vary-Tp0.0909_nc4_ni4000_nt2000_noburn_batch84.pkl
2024-08-13 21:26:20,431 - INFO - RnCnP_vary-Tp0.0909_nc4_ni4000_nt2000_noburn_batch85.pkl
2024-08-13 21:26:20,487 - INFO - RnCnP_vary-Tp0.0909_nc4_ni4000_nt2000_noburn_batch86.pkl
2024-08-13 21:26:20,557 - INFO - RnCnP_vary-Tp0.0909_nc4_ni4000_nt2000_noburn_batch87.pkl
2024-08-13 21:26:20,620 - INFO - RnCnP_vary-Tp0.0909_nc4_ni4000_nt2000_noburn_batch88.pkl
2024-08-13 21:26:20,669 - INFO - RnCnP_vary-Tp0.0909_nc4_ni4000_nt2000_noburn_batch89.pkl
2024-08-13 21:26:20,719 - INFO - RnCnP_vary-Tp0.0909_nc4_ni4000_nt2000_noburn_batch90.pkl
2024-08-13 21:26:20,781 - INFO - RnCnP_vary-Tp0.0909_nc4_ni4000_nt2000_noburn_batch91.pkl
2024-08-13 21:26:20,847 - INFO - RnCnP_vary-Tp0.0909_nc4_ni4000_nt2000_noburn_batch92.pkl
2024-08-13 21:26:20,929 - INFO - RnCnP_vary-Tp0.0909_nc4_ni4000_nt2000_noburn_batch93.pkl
2024-08-13 21:26:20,987 - INFO - RnCnP_vary-Tp0.0909_nc4_ni4000_nt2000_noburn_batch94.pkl
2024-08-13 21:26:21,059 - INFO - RnCnP_vary-Tp0.0909_nc4_ni4000_nt2000_noburn_batch95.pkl
2024-08-13 21:26:21,123 - INFO - RnCnP_vary-Tp0.0909_nc4_ni4000_nt2000_noburn_batch96.pkl
2024-08-13 21:26:21,167 - INFO - RnCnP_vary-Tp0.0909_nc4_ni4000_nt2000_noburn_batch97.pkl
2024-08-13 21:26:21,221 - INFO - RnCnP_vary-Tp0.0909_nc4_ni4000_nt2000_noburn_batch98.pkl
2024-08-13 21:26:21,289 - INFO - RnCnP_vary-Tp0.0909_nc4_ni4000_nt2000_noburn_batch99.pkl
2024-08-13 21:26:21,339 - INFO - RnCnP_vary-Tp0.0909_nc4_ni4000_nt2000_noburn_batch100.pkl
2024-08-13 21:26:21,384 - INFO - RnCnP_vary-Tp0.0909_nc4_ni4000_nt2000_noburn_batch101.pkl
2024-08-13 21:26:21,431 - INFO - RnCnP_vary-Tp0.0909_nc4_ni4000_nt2000_noburn_batch102.pkl
2024-08-13 21:26:21,479 - INFO - RnCnP_vary-Tp0.0909_nc4_ni4000_nt2000_noburn_batch103.pkl
2024-08-13 21:26:21,530 - INFO - RnCnP_vary-Tp0.0909_nc4_ni4000_nt2000_noburn_batch104.pkl
2024-08-13 21:26:21,586 - INFO - RnCnP_vary-Tp0.0909_nc4_ni4000_nt2000_noburn_batch105.pkl
2024-08-13 21:26:21,656 - INFO - RnCnP_vary-Tp0.0909_nc4_ni4000_nt2000_noburn_batch106.pkl
2024-08-13 21:26:21,723 - INFO - RnCnP_vary-Tp0.0909_nc4_ni4000_nt2000_noburn_batch107.pkl
2024-08-13 21:26:21,781 - INFO - RnCnP_vary-Tp0.0909_nc4_ni4000_nt2000_noburn_batch108.pkl
2024-08-13 21:26:21,826 - INFO - RnCnP_vary-Tp0.0909_nc4_ni4000_nt2000_noburn_batch109.pkl
2024-08-13 21:26:21,875 - INFO - RnCnP_vary-Tp0.0909_nc4_ni4000_nt2000_noburn_batch110.pkl
2024-08-13 21:26:21,931 - INFO - RnCnP_vary-Tp0.0909_nc4_ni4000_nt2000_noburn_batch111.pkl
2024-08-13 21:26:21,991 - INFO - RnCnP_vary-Tp0.0909_nc4_ni4000_nt2000_noburn_batch112.pkl
2024-08-13 21:26:22,081 - INFO - RnCnP_vary-Tp0.0909_nc4_ni4000_nt2000_noburn_batch113.pkl
2024-08-13 21:26:22,148 - INFO - RnCnP_vary-Tp0.0909_nc4_ni4000_nt2000_noburn_batch114.pkl
2024-08-13 21:26:22,209 - INFO - RnCnP_vary-Tp0.0909_nc4_ni4000_nt2000_noburn_batch115.pkl
2024-08-13 21:26:22,263 - INFO - RnCnP_vary-Tp0.0909_nc4_ni4000_nt2000_noburn_batch116.pkl
2024-08-13 21:26:22,314 - INFO - RnCnP_vary-Tp0.0909_nc4_ni4000_nt2000_noburn_batch117.pkl
2024-08-13 21:26:22,361 - INFO - RnCnP_vary-Tp0.0909_nc4_ni4000_nt2000_noburn_batch118.pkl
2024-08-13 21:26:22,433 - INFO - RnCnP_vary-Tp0.0909_nc4_ni4000_nt2000_noburn_batch119.pkl
2024-08-13 21:26:22,498 - INFO - RnCnP_vary-Tp0.0909_nc4_ni4000_nt2000_noburn_batch120.pkl
2024-08-13 21:26:22,554 - INFO - RnCnP_vary-Tp0.0909_nc4_ni4000_nt2000_noburn_batch121.pkl
2024-08-13 21:26:22,602 - INFO - RnCnP_vary-Tp0.0909_nc4_ni4000_nt2000_noburn_batch122.pkl
2024-08-13 21:26:22,679 - INFO - RnCnP_vary-Tp0.0909_nc4_ni4000_nt2000_noburn_batch123.pkl
2024-08-13 21:26:22,746 - INFO - Completed combining chains: Saving to ./step3/step2-in2pgm.pkl
2024-08-13 21:26:22,797 - INFO - Step 3 part a - posteriors combination is completed, TIME:8.26890778541565. 
 Now applying filtering and normalization...
2024-08-13 21:28:46,216 - INFO - Running [step3A.py], input folder: ./step2; 
n_chain = 4.0, n_batch = 124
2024-08-13 21:28:46,216 - INFO - Processing all chains together
2024-08-13 21:28:46,235 - INFO - RnCnP_vary-Tp0.0909_nc4_ni4000_nt2000_noburn_batch0.pkl
2024-08-13 21:28:47,219 - INFO - RnCnP_vary-Tp0.0909_nc4_ni4000_nt2000_noburn_batch1.pkl
2024-08-13 21:28:47,309 - INFO - RnCnP_vary-Tp0.0909_nc4_ni4000_nt2000_noburn_batch2.pkl
2024-08-13 21:28:47,402 - INFO - RnCnP_vary-Tp0.0909_nc4_ni4000_nt2000_noburn_batch3.pkl
2024-08-13 21:28:47,455 - INFO - RnCnP_vary-Tp0.0909_nc4_ni4000_nt2000_noburn_batch4.pkl
2024-08-13 21:28:47,501 - INFO - RnCnP_vary-Tp0.0909_nc4_ni4000_nt2000_noburn_batch5.pkl
2024-08-13 21:28:47,564 - INFO - RnCnP_vary-Tp0.0909_nc4_ni4000_nt2000_noburn_batch6.pkl
2024-08-13 21:28:47,615 - INFO - RnCnP_vary-Tp0.0909_nc4_ni4000_nt2000_noburn_batch7.pkl
2024-08-13 21:28:47,680 - INFO - RnCnP_vary-Tp0.0909_nc4_ni4000_nt2000_noburn_batch8.pkl
2024-08-13 21:28:47,739 - INFO - RnCnP_vary-Tp0.0909_nc4_ni4000_nt2000_noburn_batch9.pkl
2024-08-13 21:28:47,792 - INFO - RnCnP_vary-Tp0.0909_nc4_ni4000_nt2000_noburn_batch10.pkl
2024-08-13 21:28:47,853 - INFO - RnCnP_vary-Tp0.0909_nc4_ni4000_nt2000_noburn_batch11.pkl
2024-08-13 21:28:47,906 - INFO - RnCnP_vary-Tp0.0909_nc4_ni4000_nt2000_noburn_batch12.pkl
2024-08-13 21:28:47,953 - INFO - RnCnP_vary-Tp0.0909_nc4_ni4000_nt2000_noburn_batch13.pkl
2024-08-13 21:28:47,998 - INFO - RnCnP_vary-Tp0.0909_nc4_ni4000_nt2000_noburn_batch14.pkl
2024-08-13 21:28:48,064 - INFO - RnCnP_vary-Tp0.0909_nc4_ni4000_nt2000_noburn_batch15.pkl
2024-08-13 21:28:48,121 - INFO - RnCnP_vary-Tp0.0909_nc4_ni4000_nt2000_noburn_batch16.pkl
2024-08-13 21:28:48,170 - INFO - RnCnP_vary-Tp0.0909_nc4_ni4000_nt2000_noburn_batch17.pkl
2024-08-13 21:28:48,213 - INFO - RnCnP_vary-Tp0.0909_nc4_ni4000_nt2000_noburn_batch18.pkl
2024-08-13 21:28:48,270 - INFO - RnCnP_vary-Tp0.0909_nc4_ni4000_nt2000_noburn_batch19.pkl
2024-08-13 21:28:48,316 - INFO - RnCnP_vary-Tp0.0909_nc4_ni4000_nt2000_noburn_batch20.pkl
2024-08-13 21:28:48,388 - INFO - RnCnP_vary-Tp0.0909_nc4_ni4000_nt2000_noburn_batch21.pkl
2024-08-13 21:28:48,450 - INFO - RnCnP_vary-Tp0.0909_nc4_ni4000_nt2000_noburn_batch22.pkl
2024-08-13 21:28:48,499 - INFO - RnCnP_vary-Tp0.0909_nc4_ni4000_nt2000_noburn_batch23.pkl
2024-08-13 21:28:48,556 - INFO - RnCnP_vary-Tp0.0909_nc4_ni4000_nt2000_noburn_batch24.pkl
2024-08-13 21:28:48,602 - INFO - RnCnP_vary-Tp0.0909_nc4_ni4000_nt2000_noburn_batch25.pkl
2024-08-13 21:28:48,653 - INFO - RnCnP_vary-Tp0.0909_nc4_ni4000_nt2000_noburn_batch26.pkl
2024-08-13 21:28:48,698 - INFO - RnCnP_vary-Tp0.0909_nc4_ni4000_nt2000_noburn_batch27.pkl
2024-08-13 21:28:48,770 - INFO - RnCnP_vary-Tp0.0909_nc4_ni4000_nt2000_noburn_batch28.pkl
2024-08-13 21:28:48,828 - INFO - RnCnP_vary-Tp0.0909_nc4_ni4000_nt2000_noburn_batch29.pkl
2024-08-13 21:28:48,879 - INFO - RnCnP_vary-Tp0.0909_nc4_ni4000_nt2000_noburn_batch30.pkl
2024-08-13 21:28:48,934 - INFO - RnCnP_vary-Tp0.0909_nc4_ni4000_nt2000_noburn_batch31.pkl
2024-08-13 21:28:48,981 - INFO - RnCnP_vary-Tp0.0909_nc4_ni4000_nt2000_noburn_batch32.pkl
2024-08-13 21:28:49,033 - INFO - RnCnP_vary-Tp0.0909_nc4_ni4000_nt2000_noburn_batch33.pkl
2024-08-13 21:28:49,079 - INFO - RnCnP_vary-Tp0.0909_nc4_ni4000_nt2000_noburn_batch34.pkl
2024-08-13 21:28:49,142 - INFO - RnCnP_vary-Tp0.0909_nc4_ni4000_nt2000_noburn_batch35.pkl
2024-08-13 21:28:49,200 - INFO - RnCnP_vary-Tp0.0909_nc4_ni4000_nt2000_noburn_batch36.pkl
2024-08-13 21:28:49,248 - INFO - RnCnP_vary-Tp0.0909_nc4_ni4000_nt2000_noburn_batch37.pkl
2024-08-13 21:28:49,301 - INFO - RnCnP_vary-Tp0.0909_nc4_ni4000_nt2000_noburn_batch38.pkl
2024-08-13 21:28:49,349 - INFO - RnCnP_vary-Tp0.0909_nc4_ni4000_nt2000_noburn_batch39.pkl
2024-08-13 21:28:49,393 - INFO - RnCnP_vary-Tp0.0909_nc4_ni4000_nt2000_noburn_batch40.pkl
2024-08-13 21:28:49,474 - INFO - RnCnP_vary-Tp0.0909_nc4_ni4000_nt2000_noburn_batch41.pkl
2024-08-13 21:28:49,533 - INFO - RnCnP_vary-Tp0.0909_nc4_ni4000_nt2000_noburn_batch42.pkl
2024-08-13 21:28:49,584 - INFO - RnCnP_vary-Tp0.0909_nc4_ni4000_nt2000_noburn_batch43.pkl
2024-08-13 21:28:49,638 - INFO - RnCnP_vary-Tp0.0909_nc4_ni4000_nt2000_noburn_batch44.pkl
2024-08-13 21:28:49,685 - INFO - RnCnP_vary-Tp0.0909_nc4_ni4000_nt2000_noburn_batch45.pkl
2024-08-13 21:28:49,741 - INFO - RnCnP_vary-Tp0.0909_nc4_ni4000_nt2000_noburn_batch46.pkl
2024-08-13 21:28:49,806 - INFO - RnCnP_vary-Tp0.0909_nc4_ni4000_nt2000_noburn_batch47.pkl
2024-08-13 21:28:49,863 - INFO - RnCnP_vary-Tp0.0909_nc4_ni4000_nt2000_noburn_batch48.pkl
2024-08-13 21:28:49,913 - INFO - RnCnP_vary-Tp0.0909_nc4_ni4000_nt2000_noburn_batch49.pkl
2024-08-13 21:28:49,961 - INFO - RnCnP_vary-Tp0.0909_nc4_ni4000_nt2000_noburn_batch50.pkl
2024-08-13 21:28:50,016 - INFO - RnCnP_vary-Tp0.0909_nc4_ni4000_nt2000_noburn_batch51.pkl
2024-08-13 21:28:50,066 - INFO - RnCnP_vary-Tp0.0909_nc4_ni4000_nt2000_noburn_batch52.pkl
2024-08-13 21:28:50,116 - INFO - RnCnP_vary-Tp0.0909_nc4_ni4000_nt2000_noburn_batch53.pkl
2024-08-13 21:28:50,181 - INFO - RnCnP_vary-Tp0.0909_nc4_ni4000_nt2000_noburn_batch54.pkl
2024-08-13 21:28:50,241 - INFO - RnCnP_vary-Tp0.0909_nc4_ni4000_nt2000_noburn_batch55.pkl
2024-08-13 21:28:50,285 - INFO - RnCnP_vary-Tp0.0909_nc4_ni4000_nt2000_noburn_batch56.pkl
2024-08-13 21:28:50,337 - INFO - RnCnP_vary-Tp0.0909_nc4_ni4000_nt2000_noburn_batch57.pkl
2024-08-13 21:28:50,384 - INFO - RnCnP_vary-Tp0.0909_nc4_ni4000_nt2000_noburn_batch58.pkl
2024-08-13 21:28:50,441 - INFO - RnCnP_vary-Tp0.0909_nc4_ni4000_nt2000_noburn_batch59.pkl
2024-08-13 21:28:50,484 - INFO - RnCnP_vary-Tp0.0909_nc4_ni4000_nt2000_noburn_batch60.pkl
2024-08-13 21:28:50,545 - INFO - RnCnP_vary-Tp0.0909_nc4_ni4000_nt2000_noburn_batch61.pkl
2024-08-13 21:28:50,593 - INFO - RnCnP_vary-Tp0.0909_nc4_ni4000_nt2000_noburn_batch62.pkl
2024-08-13 21:28:50,643 - INFO - RnCnP_vary-Tp0.0909_nc4_ni4000_nt2000_noburn_batch63.pkl
2024-08-13 21:28:50,694 - INFO - RnCnP_vary-Tp0.0909_nc4_ni4000_nt2000_noburn_batch64.pkl
2024-08-13 21:28:50,745 - INFO - RnCnP_vary-Tp0.0909_nc4_ni4000_nt2000_noburn_batch65.pkl
2024-08-13 21:28:50,798 - INFO - RnCnP_vary-Tp0.0909_nc4_ni4000_nt2000_noburn_batch66.pkl
2024-08-13 21:28:50,874 - INFO - RnCnP_vary-Tp0.0909_nc4_ni4000_nt2000_noburn_batch67.pkl
2024-08-13 21:28:50,936 - INFO - RnCnP_vary-Tp0.0909_nc4_ni4000_nt2000_noburn_batch68.pkl
2024-08-13 21:28:50,996 - INFO - RnCnP_vary-Tp0.0909_nc4_ni4000_nt2000_noburn_batch69.pkl
2024-08-13 21:28:51,052 - INFO - RnCnP_vary-Tp0.0909_nc4_ni4000_nt2000_noburn_batch70.pkl
2024-08-13 21:28:51,105 - INFO - RnCnP_vary-Tp0.0909_nc4_ni4000_nt2000_noburn_batch71.pkl
2024-08-13 21:28:51,164 - INFO - RnCnP_vary-Tp0.0909_nc4_ni4000_nt2000_noburn_batch72.pkl
2024-08-13 21:28:51,255 - INFO - RnCnP_vary-Tp0.0909_nc4_ni4000_nt2000_noburn_batch73.pkl
2024-08-13 21:28:51,318 - INFO - RnCnP_vary-Tp0.0909_nc4_ni4000_nt2000_noburn_batch74.pkl
2024-08-13 21:28:51,375 - INFO - RnCnP_vary-Tp0.0909_nc4_ni4000_nt2000_noburn_batch75.pkl
2024-08-13 21:28:51,429 - INFO - RnCnP_vary-Tp0.0909_nc4_ni4000_nt2000_noburn_batch76.pkl
2024-08-13 21:28:51,483 - INFO - RnCnP_vary-Tp0.0909_nc4_ni4000_nt2000_noburn_batch77.pkl
2024-08-13 21:28:51,544 - INFO - RnCnP_vary-Tp0.0909_nc4_ni4000_nt2000_noburn_batch78.pkl
2024-08-13 21:28:51,588 - INFO - RnCnP_vary-Tp0.0909_nc4_ni4000_nt2000_noburn_batch79.pkl
2024-08-13 21:28:51,663 - INFO - RnCnP_vary-Tp0.0909_nc4_ni4000_nt2000_noburn_batch80.pkl
2024-08-13 21:28:51,744 - INFO - RnCnP_vary-Tp0.0909_nc4_ni4000_nt2000_noburn_batch81.pkl
2024-08-13 21:28:51,817 - INFO - RnCnP_vary-Tp0.0909_nc4_ni4000_nt2000_noburn_batch82.pkl
2024-08-13 21:28:51,880 - INFO - RnCnP_vary-Tp0.0909_nc4_ni4000_nt2000_noburn_batch83.pkl
2024-08-13 21:28:51,937 - INFO - RnCnP_vary-Tp0.0909_nc4_ni4000_nt2000_noburn_batch84.pkl
2024-08-13 21:28:51,987 - INFO - RnCnP_vary-Tp0.0909_nc4_ni4000_nt2000_noburn_batch85.pkl
2024-08-13 21:28:52,037 - INFO - RnCnP_vary-Tp0.0909_nc4_ni4000_nt2000_noburn_batch86.pkl
2024-08-13 21:28:52,117 - INFO - RnCnP_vary-Tp0.0909_nc4_ni4000_nt2000_noburn_batch87.pkl
2024-08-13 21:28:52,180 - INFO - RnCnP_vary-Tp0.0909_nc4_ni4000_nt2000_noburn_batch88.pkl
2024-08-13 21:28:52,232 - INFO - RnCnP_vary-Tp0.0909_nc4_ni4000_nt2000_noburn_batch89.pkl
2024-08-13 21:28:52,285 - INFO - RnCnP_vary-Tp0.0909_nc4_ni4000_nt2000_noburn_batch90.pkl
2024-08-13 21:28:52,340 - INFO - RnCnP_vary-Tp0.0909_nc4_ni4000_nt2000_noburn_batch91.pkl
2024-08-13 21:28:52,403 - INFO - RnCnP_vary-Tp0.0909_nc4_ni4000_nt2000_noburn_batch92.pkl
2024-08-13 21:28:52,478 - INFO - RnCnP_vary-Tp0.0909_nc4_ni4000_nt2000_noburn_batch93.pkl
2024-08-13 21:28:52,548 - INFO - RnCnP_vary-Tp0.0909_nc4_ni4000_nt2000_noburn_batch94.pkl
2024-08-13 21:28:52,600 - INFO - RnCnP_vary-Tp0.0909_nc4_ni4000_nt2000_noburn_batch95.pkl
2024-08-13 21:28:52,654 - INFO - RnCnP_vary-Tp0.0909_nc4_ni4000_nt2000_noburn_batch96.pkl
2024-08-13 21:28:52,708 - INFO - RnCnP_vary-Tp0.0909_nc4_ni4000_nt2000_noburn_batch97.pkl
2024-08-13 21:28:52,762 - INFO - RnCnP_vary-Tp0.0909_nc4_ni4000_nt2000_noburn_batch98.pkl
2024-08-13 21:28:52,845 - INFO - RnCnP_vary-Tp0.0909_nc4_ni4000_nt2000_noburn_batch99.pkl
2024-08-13 21:28:52,911 - INFO - RnCnP_vary-Tp0.0909_nc4_ni4000_nt2000_noburn_batch100.pkl
2024-08-13 21:28:52,970 - INFO - RnCnP_vary-Tp0.0909_nc4_ni4000_nt2000_noburn_batch101.pkl
2024-08-13 21:28:53,021 - INFO - RnCnP_vary-Tp0.0909_nc4_ni4000_nt2000_noburn_batch102.pkl
2024-08-13 21:28:53,075 - INFO - RnCnP_vary-Tp0.0909_nc4_ni4000_nt2000_noburn_batch103.pkl
2024-08-13 21:28:53,127 - INFO - RnCnP_vary-Tp0.0909_nc4_ni4000_nt2000_noburn_batch104.pkl
2024-08-13 21:28:53,179 - INFO - RnCnP_vary-Tp0.0909_nc4_ni4000_nt2000_noburn_batch105.pkl
2024-08-13 21:28:53,255 - INFO - RnCnP_vary-Tp0.0909_nc4_ni4000_nt2000_noburn_batch106.pkl
2024-08-13 21:28:53,318 - INFO - RnCnP_vary-Tp0.0909_nc4_ni4000_nt2000_noburn_batch107.pkl
2024-08-13 21:28:53,373 - INFO - RnCnP_vary-Tp0.0909_nc4_ni4000_nt2000_noburn_batch108.pkl
2024-08-13 21:28:53,420 - INFO - RnCnP_vary-Tp0.0909_nc4_ni4000_nt2000_noburn_batch109.pkl
2024-08-13 21:28:53,482 - INFO - RnCnP_vary-Tp0.0909_nc4_ni4000_nt2000_noburn_batch110.pkl
2024-08-13 21:28:53,554 - INFO - RnCnP_vary-Tp0.0909_nc4_ni4000_nt2000_noburn_batch111.pkl
2024-08-13 21:28:53,609 - INFO - RnCnP_vary-Tp0.0909_nc4_ni4000_nt2000_noburn_batch112.pkl
2024-08-13 21:28:53,679 - INFO - RnCnP_vary-Tp0.0909_nc4_ni4000_nt2000_noburn_batch113.pkl
2024-08-13 21:28:53,742 - INFO - RnCnP_vary-Tp0.0909_nc4_ni4000_nt2000_noburn_batch114.pkl
2024-08-13 21:28:53,799 - INFO - RnCnP_vary-Tp0.0909_nc4_ni4000_nt2000_noburn_batch115.pkl
2024-08-13 21:28:53,861 - INFO - RnCnP_vary-Tp0.0909_nc4_ni4000_nt2000_noburn_batch116.pkl
2024-08-13 21:28:53,919 - INFO - RnCnP_vary-Tp0.0909_nc4_ni4000_nt2000_noburn_batch117.pkl
2024-08-13 21:28:53,974 - INFO - RnCnP_vary-Tp0.0909_nc4_ni4000_nt2000_noburn_batch118.pkl
2024-08-13 21:28:54,046 - INFO - RnCnP_vary-Tp0.0909_nc4_ni4000_nt2000_noburn_batch119.pkl
2024-08-13 21:28:54,093 - INFO - RnCnP_vary-Tp0.0909_nc4_ni4000_nt2000_noburn_batch120.pkl
2024-08-13 21:28:54,142 - INFO - RnCnP_vary-Tp0.0909_nc4_ni4000_nt2000_noburn_batch121.pkl
2024-08-13 21:28:54,188 - INFO - RnCnP_vary-Tp0.0909_nc4_ni4000_nt2000_noburn_batch122.pkl
2024-08-13 21:28:54,237 - INFO - RnCnP_vary-Tp0.0909_nc4_ni4000_nt2000_noburn_batch123.pkl
2024-08-13 21:28:54,303 - INFO - Completed combining chains: Saving to ./step3/step2-in2pgm.pkl
2024-08-13 21:28:54,308 - INFO - Step 3 part a - posteriors combination is completed, TIME:8.091675043106079. 
 Now applying filtering and normalization...
2024-08-14 09:03:33,180 - INFO - Running [step3A.py], input folder: ./step2; 
n_chain = 4.0, n_batch = 124
2024-08-14 09:03:33,180 - INFO - Processing all chains together
2024-08-14 09:03:33,218 - INFO - RnCnP_vary-Tp0.0909_nc4_ni4000_nt2000_noburn_batch0.pkl
2024-08-14 09:03:38,473 - INFO - RnCnP_vary-Tp0.0909_nc4_ni4000_nt2000_noburn_batch1.pkl
2024-08-14 09:03:38,578 - INFO - RnCnP_vary-Tp0.0909_nc4_ni4000_nt2000_noburn_batch2.pkl
2024-08-14 09:03:38,658 - INFO - RnCnP_vary-Tp0.0909_nc4_ni4000_nt2000_noburn_batch3.pkl
2024-08-14 09:03:38,728 - INFO - RnCnP_vary-Tp0.0909_nc4_ni4000_nt2000_noburn_batch4.pkl
2024-08-14 09:03:38,803 - INFO - RnCnP_vary-Tp0.0909_nc4_ni4000_nt2000_noburn_batch5.pkl
2024-08-14 09:03:38,861 - INFO - RnCnP_vary-Tp0.0909_nc4_ni4000_nt2000_noburn_batch6.pkl
2024-08-14 09:03:38,921 - INFO - RnCnP_vary-Tp0.0909_nc4_ni4000_nt2000_noburn_batch7.pkl
2024-08-14 09:03:39,013 - INFO - RnCnP_vary-Tp0.0909_nc4_ni4000_nt2000_noburn_batch8.pkl
2024-08-14 09:03:39,108 - INFO - RnCnP_vary-Tp0.0909_nc4_ni4000_nt2000_noburn_batch9.pkl
2024-08-14 09:03:39,193 - INFO - RnCnP_vary-Tp0.0909_nc4_ni4000_nt2000_noburn_batch10.pkl
2024-08-14 09:03:39,254 - INFO - RnCnP_vary-Tp0.0909_nc4_ni4000_nt2000_noburn_batch11.pkl
2024-08-14 09:03:39,309 - INFO - RnCnP_vary-Tp0.0909_nc4_ni4000_nt2000_noburn_batch12.pkl
2024-08-14 09:03:39,363 - INFO - RnCnP_vary-Tp0.0909_nc4_ni4000_nt2000_noburn_batch13.pkl
2024-08-14 09:03:39,430 - INFO - RnCnP_vary-Tp0.0909_nc4_ni4000_nt2000_noburn_batch14.pkl
2024-08-14 09:03:39,507 - INFO - RnCnP_vary-Tp0.0909_nc4_ni4000_nt2000_noburn_batch15.pkl
2024-08-14 09:03:39,577 - INFO - RnCnP_vary-Tp0.0909_nc4_ni4000_nt2000_noburn_batch16.pkl
2024-08-14 09:03:39,636 - INFO - RnCnP_vary-Tp0.0909_nc4_ni4000_nt2000_noburn_batch17.pkl
2024-08-14 09:03:39,694 - INFO - RnCnP_vary-Tp0.0909_nc4_ni4000_nt2000_noburn_batch18.pkl
2024-08-14 09:03:39,757 - INFO - RnCnP_vary-Tp0.0909_nc4_ni4000_nt2000_noburn_batch19.pkl
2024-08-14 09:03:39,817 - INFO - RnCnP_vary-Tp0.0909_nc4_ni4000_nt2000_noburn_batch20.pkl
2024-08-14 09:03:39,909 - INFO - RnCnP_vary-Tp0.0909_nc4_ni4000_nt2000_noburn_batch21.pkl
2024-08-14 09:03:39,989 - INFO - RnCnP_vary-Tp0.0909_nc4_ni4000_nt2000_noburn_batch22.pkl
2024-08-14 09:03:40,071 - INFO - RnCnP_vary-Tp0.0909_nc4_ni4000_nt2000_noburn_batch23.pkl
2024-08-14 09:03:40,138 - INFO - RnCnP_vary-Tp0.0909_nc4_ni4000_nt2000_noburn_batch24.pkl
2024-08-14 09:03:40,193 - INFO - RnCnP_vary-Tp0.0909_nc4_ni4000_nt2000_noburn_batch25.pkl
2024-08-14 09:03:40,256 - INFO - RnCnP_vary-Tp0.0909_nc4_ni4000_nt2000_noburn_batch26.pkl
2024-08-14 09:03:40,318 - INFO - RnCnP_vary-Tp0.0909_nc4_ni4000_nt2000_noburn_batch27.pkl
2024-08-14 09:03:40,399 - INFO - RnCnP_vary-Tp0.0909_nc4_ni4000_nt2000_noburn_batch28.pkl
2024-08-14 09:03:40,478 - INFO - RnCnP_vary-Tp0.0909_nc4_ni4000_nt2000_noburn_batch29.pkl
2024-08-14 09:03:40,546 - INFO - RnCnP_vary-Tp0.0909_nc4_ni4000_nt2000_noburn_batch30.pkl
2024-08-14 09:03:40,607 - INFO - RnCnP_vary-Tp0.0909_nc4_ni4000_nt2000_noburn_batch31.pkl
2024-08-14 09:03:40,669 - INFO - RnCnP_vary-Tp0.0909_nc4_ni4000_nt2000_noburn_batch32.pkl
2024-08-14 09:03:40,722 - INFO - RnCnP_vary-Tp0.0909_nc4_ni4000_nt2000_noburn_batch33.pkl
2024-08-14 09:03:40,784 - INFO - RnCnP_vary-Tp0.0909_nc4_ni4000_nt2000_noburn_batch34.pkl
2024-08-14 09:03:40,902 - INFO - RnCnP_vary-Tp0.0909_nc4_ni4000_nt2000_noburn_batch35.pkl
2024-08-14 09:03:40,975 - INFO - RnCnP_vary-Tp0.0909_nc4_ni4000_nt2000_noburn_batch36.pkl
2024-08-14 09:03:41,052 - INFO - RnCnP_vary-Tp0.0909_nc4_ni4000_nt2000_noburn_batch37.pkl
2024-08-14 09:03:41,130 - INFO - RnCnP_vary-Tp0.0909_nc4_ni4000_nt2000_noburn_batch38.pkl
2024-08-14 09:03:41,197 - INFO - RnCnP_vary-Tp0.0909_nc4_ni4000_nt2000_noburn_batch39.pkl
2024-08-14 09:03:41,259 - INFO - RnCnP_vary-Tp0.0909_nc4_ni4000_nt2000_noburn_batch40.pkl
2024-08-14 09:03:41,327 - INFO - RnCnP_vary-Tp0.0909_nc4_ni4000_nt2000_noburn_batch41.pkl
2024-08-14 09:03:41,417 - INFO - RnCnP_vary-Tp0.0909_nc4_ni4000_nt2000_noburn_batch42.pkl
2024-08-14 09:03:41,483 - INFO - RnCnP_vary-Tp0.0909_nc4_ni4000_nt2000_noburn_batch43.pkl
2024-08-14 09:03:41,546 - INFO - RnCnP_vary-Tp0.0909_nc4_ni4000_nt2000_noburn_batch44.pkl
2024-08-14 09:03:41,610 - INFO - RnCnP_vary-Tp0.0909_nc4_ni4000_nt2000_noburn_batch45.pkl
2024-08-14 09:03:41,676 - INFO - RnCnP_vary-Tp0.0909_nc4_ni4000_nt2000_noburn_batch46.pkl
2024-08-14 09:03:41,770 - INFO - RnCnP_vary-Tp0.0909_nc4_ni4000_nt2000_noburn_batch47.pkl
2024-08-14 09:03:41,845 - INFO - RnCnP_vary-Tp0.0909_nc4_ni4000_nt2000_noburn_batch48.pkl
2024-08-14 09:03:41,915 - INFO - RnCnP_vary-Tp0.0909_nc4_ni4000_nt2000_noburn_batch49.pkl
2024-08-14 09:03:41,978 - INFO - RnCnP_vary-Tp0.0909_nc4_ni4000_nt2000_noburn_batch50.pkl
2024-08-14 09:03:42,044 - INFO - RnCnP_vary-Tp0.0909_nc4_ni4000_nt2000_noburn_batch51.pkl
2024-08-14 09:03:42,103 - INFO - RnCnP_vary-Tp0.0909_nc4_ni4000_nt2000_noburn_batch52.pkl
2024-08-14 09:03:42,163 - INFO - RnCnP_vary-Tp0.0909_nc4_ni4000_nt2000_noburn_batch53.pkl
2024-08-14 09:03:42,246 - INFO - RnCnP_vary-Tp0.0909_nc4_ni4000_nt2000_noburn_batch54.pkl
2024-08-14 09:03:42,333 - INFO - RnCnP_vary-Tp0.0909_nc4_ni4000_nt2000_noburn_batch55.pkl
2024-08-14 09:03:42,396 - INFO - RnCnP_vary-Tp0.0909_nc4_ni4000_nt2000_noburn_batch56.pkl
2024-08-14 09:03:42,459 - INFO - RnCnP_vary-Tp0.0909_nc4_ni4000_nt2000_noburn_batch57.pkl
2024-08-14 09:03:42,520 - INFO - RnCnP_vary-Tp0.0909_nc4_ni4000_nt2000_noburn_batch58.pkl
2024-08-14 09:03:42,581 - INFO - RnCnP_vary-Tp0.0909_nc4_ni4000_nt2000_noburn_batch59.pkl
2024-08-14 09:03:42,646 - INFO - RnCnP_vary-Tp0.0909_nc4_ni4000_nt2000_noburn_batch60.pkl
2024-08-14 09:03:42,735 - INFO - RnCnP_vary-Tp0.0909_nc4_ni4000_nt2000_noburn_batch61.pkl
2024-08-14 09:03:42,800 - INFO - RnCnP_vary-Tp0.0909_nc4_ni4000_nt2000_noburn_batch62.pkl
2024-08-14 09:03:42,864 - INFO - RnCnP_vary-Tp0.0909_nc4_ni4000_nt2000_noburn_batch63.pkl
2024-08-14 09:03:42,942 - INFO - RnCnP_vary-Tp0.0909_nc4_ni4000_nt2000_noburn_batch64.pkl
2024-08-14 09:03:43,004 - INFO - RnCnP_vary-Tp0.0909_nc4_ni4000_nt2000_noburn_batch65.pkl
2024-08-14 09:03:43,068 - INFO - RnCnP_vary-Tp0.0909_nc4_ni4000_nt2000_noburn_batch66.pkl
2024-08-14 09:03:43,152 - INFO - RnCnP_vary-Tp0.0909_nc4_ni4000_nt2000_noburn_batch67.pkl
2024-08-14 09:03:43,217 - INFO - RnCnP_vary-Tp0.0909_nc4_ni4000_nt2000_noburn_batch68.pkl
2024-08-14 09:03:43,282 - INFO - RnCnP_vary-Tp0.0909_nc4_ni4000_nt2000_noburn_batch69.pkl
2024-08-14 09:03:43,347 - INFO - RnCnP_vary-Tp0.0909_nc4_ni4000_nt2000_noburn_batch70.pkl
2024-08-14 09:03:43,411 - INFO - RnCnP_vary-Tp0.0909_nc4_ni4000_nt2000_noburn_batch71.pkl
2024-08-14 09:03:43,462 - INFO - RnCnP_vary-Tp0.0909_nc4_ni4000_nt2000_noburn_batch72.pkl
2024-08-14 09:03:43,557 - INFO - RnCnP_vary-Tp0.0909_nc4_ni4000_nt2000_noburn_batch73.pkl
2024-08-14 09:03:43,627 - INFO - RnCnP_vary-Tp0.0909_nc4_ni4000_nt2000_noburn_batch74.pkl
2024-08-14 09:03:43,688 - INFO - RnCnP_vary-Tp0.0909_nc4_ni4000_nt2000_noburn_batch75.pkl
2024-08-14 09:03:43,735 - INFO - RnCnP_vary-Tp0.0909_nc4_ni4000_nt2000_noburn_batch76.pkl
2024-08-14 09:03:43,790 - INFO - RnCnP_vary-Tp0.0909_nc4_ni4000_nt2000_noburn_batch77.pkl
2024-08-14 09:03:43,842 - INFO - RnCnP_vary-Tp0.0909_nc4_ni4000_nt2000_noburn_batch78.pkl
2024-08-14 09:03:43,895 - INFO - RnCnP_vary-Tp0.0909_nc4_ni4000_nt2000_noburn_batch79.pkl
2024-08-14 09:03:43,970 - INFO - RnCnP_vary-Tp0.0909_nc4_ni4000_nt2000_noburn_batch80.pkl
2024-08-14 09:03:44,034 - INFO - RnCnP_vary-Tp0.0909_nc4_ni4000_nt2000_noburn_batch81.pkl
2024-08-14 09:03:44,097 - INFO - RnCnP_vary-Tp0.0909_nc4_ni4000_nt2000_noburn_batch82.pkl
2024-08-14 09:03:44,162 - INFO - RnCnP_vary-Tp0.0909_nc4_ni4000_nt2000_noburn_batch83.pkl
2024-08-14 09:03:44,226 - INFO - RnCnP_vary-Tp0.0909_nc4_ni4000_nt2000_noburn_batch84.pkl
2024-08-14 09:03:44,289 - INFO - RnCnP_vary-Tp0.0909_nc4_ni4000_nt2000_noburn_batch85.pkl
2024-08-14 09:03:44,349 - INFO - RnCnP_vary-Tp0.0909_nc4_ni4000_nt2000_noburn_batch86.pkl
2024-08-14 09:03:44,436 - INFO - RnCnP_vary-Tp0.0909_nc4_ni4000_nt2000_noburn_batch87.pkl
2024-08-14 09:03:44,505 - INFO - RnCnP_vary-Tp0.0909_nc4_ni4000_nt2000_noburn_batch88.pkl
2024-08-14 09:03:44,563 - INFO - RnCnP_vary-Tp0.0909_nc4_ni4000_nt2000_noburn_batch89.pkl
2024-08-14 09:03:44,621 - INFO - RnCnP_vary-Tp0.0909_nc4_ni4000_nt2000_noburn_batch90.pkl
2024-08-14 09:03:44,680 - INFO - RnCnP_vary-Tp0.0909_nc4_ni4000_nt2000_noburn_batch91.pkl
2024-08-14 09:03:44,746 - INFO - RnCnP_vary-Tp0.0909_nc4_ni4000_nt2000_noburn_batch92.pkl
2024-08-14 09:03:44,821 - INFO - RnCnP_vary-Tp0.0909_nc4_ni4000_nt2000_noburn_batch93.pkl
2024-08-14 09:03:44,894 - INFO - RnCnP_vary-Tp0.0909_nc4_ni4000_nt2000_noburn_batch94.pkl
2024-08-14 09:03:44,967 - INFO - RnCnP_vary-Tp0.0909_nc4_ni4000_nt2000_noburn_batch95.pkl
2024-08-14 09:03:45,071 - INFO - RnCnP_vary-Tp0.0909_nc4_ni4000_nt2000_noburn_batch96.pkl
2024-08-14 09:03:45,117 - INFO - RnCnP_vary-Tp0.0909_nc4_ni4000_nt2000_noburn_batch97.pkl
2024-08-14 09:03:45,169 - INFO - RnCnP_vary-Tp0.0909_nc4_ni4000_nt2000_noburn_batch98.pkl
2024-08-14 09:03:45,249 - INFO - RnCnP_vary-Tp0.0909_nc4_ni4000_nt2000_noburn_batch99.pkl
2024-08-14 09:03:45,321 - INFO - RnCnP_vary-Tp0.0909_nc4_ni4000_nt2000_noburn_batch100.pkl
2024-08-14 09:03:45,379 - INFO - RnCnP_vary-Tp0.0909_nc4_ni4000_nt2000_noburn_batch101.pkl
2024-08-14 09:03:45,444 - INFO - RnCnP_vary-Tp0.0909_nc4_ni4000_nt2000_noburn_batch102.pkl
2024-08-14 09:03:45,500 - INFO - RnCnP_vary-Tp0.0909_nc4_ni4000_nt2000_noburn_batch103.pkl
2024-08-14 09:03:45,564 - INFO - RnCnP_vary-Tp0.0909_nc4_ni4000_nt2000_noburn_batch104.pkl
2024-08-14 09:03:45,621 - INFO - RnCnP_vary-Tp0.0909_nc4_ni4000_nt2000_noburn_batch105.pkl
2024-08-14 09:03:45,689 - INFO - RnCnP_vary-Tp0.0909_nc4_ni4000_nt2000_noburn_batch106.pkl
2024-08-14 09:03:45,755 - INFO - RnCnP_vary-Tp0.0909_nc4_ni4000_nt2000_noburn_batch107.pkl
2024-08-14 09:03:45,813 - INFO - RnCnP_vary-Tp0.0909_nc4_ni4000_nt2000_noburn_batch108.pkl
2024-08-14 09:03:45,874 - INFO - RnCnP_vary-Tp0.0909_nc4_ni4000_nt2000_noburn_batch109.pkl
2024-08-14 09:03:45,928 - INFO - RnCnP_vary-Tp0.0909_nc4_ni4000_nt2000_noburn_batch110.pkl
2024-08-14 09:03:45,988 - INFO - RnCnP_vary-Tp0.0909_nc4_ni4000_nt2000_noburn_batch111.pkl
2024-08-14 09:03:46,043 - INFO - RnCnP_vary-Tp0.0909_nc4_ni4000_nt2000_noburn_batch112.pkl
2024-08-14 09:03:46,129 - INFO - RnCnP_vary-Tp0.0909_nc4_ni4000_nt2000_noburn_batch113.pkl
2024-08-14 09:03:46,213 - INFO - RnCnP_vary-Tp0.0909_nc4_ni4000_nt2000_noburn_batch114.pkl
2024-08-14 09:03:46,273 - INFO - RnCnP_vary-Tp0.0909_nc4_ni4000_nt2000_noburn_batch115.pkl
2024-08-14 09:03:46,327 - INFO - RnCnP_vary-Tp0.0909_nc4_ni4000_nt2000_noburn_batch116.pkl
2024-08-14 09:03:46,370 - INFO - RnCnP_vary-Tp0.0909_nc4_ni4000_nt2000_noburn_batch117.pkl
2024-08-14 09:03:46,427 - INFO - RnCnP_vary-Tp0.0909_nc4_ni4000_nt2000_noburn_batch118.pkl
2024-08-14 09:03:46,514 - INFO - RnCnP_vary-Tp0.0909_nc4_ni4000_nt2000_noburn_batch119.pkl
2024-08-14 09:03:46,584 - INFO - RnCnP_vary-Tp0.0909_nc4_ni4000_nt2000_noburn_batch120.pkl
2024-08-14 09:03:46,640 - INFO - RnCnP_vary-Tp0.0909_nc4_ni4000_nt2000_noburn_batch121.pkl
2024-08-14 09:03:46,695 - INFO - RnCnP_vary-Tp0.0909_nc4_ni4000_nt2000_noburn_batch122.pkl
2024-08-14 09:03:46,749 - INFO - RnCnP_vary-Tp0.0909_nc4_ni4000_nt2000_noburn_batch123.pkl
2024-08-14 09:03:46,813 - INFO - Completed combining chains: Saving to ./step3/step2-in2pgm.pkl
2024-08-14 09:03:46,891 - INFO - Step 3 part a - posteriors combination is completed, TIME:13.711171865463257. 
 Now applying filtering and normalization...
2024-08-14 09:05:09,517 - INFO - Running [step3A.py], input folder: ./step2; 
n_chain = 4.0, n_batch = 124
2024-08-14 09:05:09,517 - INFO - Processing all chains together
2024-08-14 09:05:09,532 - INFO - RnCnP_vary-Tp0.0909_nc4_ni4000_nt2000_noburn_batch0.pkl
2024-08-14 09:05:10,407 - INFO - RnCnP_vary-Tp0.0909_nc4_ni4000_nt2000_noburn_batch1.pkl
2024-08-14 09:05:10,471 - INFO - RnCnP_vary-Tp0.0909_nc4_ni4000_nt2000_noburn_batch2.pkl
2024-08-14 09:05:10,538 - INFO - RnCnP_vary-Tp0.0909_nc4_ni4000_nt2000_noburn_batch3.pkl
2024-08-14 09:05:10,594 - INFO - RnCnP_vary-Tp0.0909_nc4_ni4000_nt2000_noburn_batch4.pkl
2024-08-14 09:05:10,648 - INFO - RnCnP_vary-Tp0.0909_nc4_ni4000_nt2000_noburn_batch5.pkl
2024-08-14 09:05:10,688 - INFO - RnCnP_vary-Tp0.0909_nc4_ni4000_nt2000_noburn_batch6.pkl
2024-08-14 09:05:10,729 - INFO - RnCnP_vary-Tp0.0909_nc4_ni4000_nt2000_noburn_batch7.pkl
2024-08-14 09:05:10,789 - INFO - RnCnP_vary-Tp0.0909_nc4_ni4000_nt2000_noburn_batch8.pkl
2024-08-14 09:05:10,843 - INFO - RnCnP_vary-Tp0.0909_nc4_ni4000_nt2000_noburn_batch9.pkl
2024-08-14 09:05:10,897 - INFO - RnCnP_vary-Tp0.0909_nc4_ni4000_nt2000_noburn_batch10.pkl
2024-08-14 09:05:10,940 - INFO - RnCnP_vary-Tp0.0909_nc4_ni4000_nt2000_noburn_batch11.pkl
2024-08-14 09:05:10,985 - INFO - RnCnP_vary-Tp0.0909_nc4_ni4000_nt2000_noburn_batch12.pkl
2024-08-14 09:05:11,028 - INFO - RnCnP_vary-Tp0.0909_nc4_ni4000_nt2000_noburn_batch13.pkl
2024-08-14 09:05:11,072 - INFO - RnCnP_vary-Tp0.0909_nc4_ni4000_nt2000_noburn_batch14.pkl
2024-08-14 09:05:11,135 - INFO - RnCnP_vary-Tp0.0909_nc4_ni4000_nt2000_noburn_batch15.pkl
2024-08-14 09:05:11,194 - INFO - RnCnP_vary-Tp0.0909_nc4_ni4000_nt2000_noburn_batch16.pkl
2024-08-14 09:05:11,248 - INFO - RnCnP_vary-Tp0.0909_nc4_ni4000_nt2000_noburn_batch17.pkl
2024-08-14 09:05:11,291 - INFO - RnCnP_vary-Tp0.0909_nc4_ni4000_nt2000_noburn_batch18.pkl
2024-08-14 09:05:11,340 - INFO - RnCnP_vary-Tp0.0909_nc4_ni4000_nt2000_noburn_batch19.pkl
2024-08-14 09:05:11,388 - INFO - RnCnP_vary-Tp0.0909_nc4_ni4000_nt2000_noburn_batch20.pkl
2024-08-14 09:05:11,465 - INFO - RnCnP_vary-Tp0.0909_nc4_ni4000_nt2000_noburn_batch21.pkl
2024-08-14 09:05:11,522 - INFO - RnCnP_vary-Tp0.0909_nc4_ni4000_nt2000_noburn_batch22.pkl
2024-08-14 09:05:11,565 - INFO - RnCnP_vary-Tp0.0909_nc4_ni4000_nt2000_noburn_batch23.pkl
2024-08-14 09:05:11,618 - INFO - RnCnP_vary-Tp0.0909_nc4_ni4000_nt2000_noburn_batch24.pkl
2024-08-14 09:05:11,665 - INFO - RnCnP_vary-Tp0.0909_nc4_ni4000_nt2000_noburn_batch25.pkl
2024-08-14 09:05:11,714 - INFO - RnCnP_vary-Tp0.0909_nc4_ni4000_nt2000_noburn_batch26.pkl
2024-08-14 09:05:11,766 - INFO - RnCnP_vary-Tp0.0909_nc4_ni4000_nt2000_noburn_batch27.pkl
2024-08-14 09:05:11,840 - INFO - RnCnP_vary-Tp0.0909_nc4_ni4000_nt2000_noburn_batch28.pkl
2024-08-14 09:05:11,902 - INFO - RnCnP_vary-Tp0.0909_nc4_ni4000_nt2000_noburn_batch29.pkl
2024-08-14 09:05:11,951 - INFO - RnCnP_vary-Tp0.0909_nc4_ni4000_nt2000_noburn_batch30.pkl
2024-08-14 09:05:11,994 - INFO - RnCnP_vary-Tp0.0909_nc4_ni4000_nt2000_noburn_batch31.pkl
2024-08-14 09:05:12,047 - INFO - RnCnP_vary-Tp0.0909_nc4_ni4000_nt2000_noburn_batch32.pkl
2024-08-14 09:05:12,129 - INFO - RnCnP_vary-Tp0.0909_nc4_ni4000_nt2000_noburn_batch33.pkl
2024-08-14 09:05:12,172 - INFO - RnCnP_vary-Tp0.0909_nc4_ni4000_nt2000_noburn_batch34.pkl
2024-08-14 09:05:12,239 - INFO - RnCnP_vary-Tp0.0909_nc4_ni4000_nt2000_noburn_batch35.pkl
2024-08-14 09:05:12,295 - INFO - RnCnP_vary-Tp0.0909_nc4_ni4000_nt2000_noburn_batch36.pkl
2024-08-14 09:05:12,344 - INFO - RnCnP_vary-Tp0.0909_nc4_ni4000_nt2000_noburn_batch37.pkl
2024-08-14 09:05:12,390 - INFO - RnCnP_vary-Tp0.0909_nc4_ni4000_nt2000_noburn_batch38.pkl
2024-08-14 09:05:12,436 - INFO - RnCnP_vary-Tp0.0909_nc4_ni4000_nt2000_noburn_batch39.pkl
2024-08-14 09:05:12,484 - INFO - RnCnP_vary-Tp0.0909_nc4_ni4000_nt2000_noburn_batch40.pkl
2024-08-14 09:05:12,547 - INFO - RnCnP_vary-Tp0.0909_nc4_ni4000_nt2000_noburn_batch41.pkl
2024-08-14 09:05:12,612 - INFO - RnCnP_vary-Tp0.0909_nc4_ni4000_nt2000_noburn_batch42.pkl
2024-08-14 09:05:12,664 - INFO - RnCnP_vary-Tp0.0909_nc4_ni4000_nt2000_noburn_batch43.pkl
2024-08-14 09:05:12,708 - INFO - RnCnP_vary-Tp0.0909_nc4_ni4000_nt2000_noburn_batch44.pkl
2024-08-14 09:05:12,755 - INFO - RnCnP_vary-Tp0.0909_nc4_ni4000_nt2000_noburn_batch45.pkl
2024-08-14 09:05:12,801 - INFO - RnCnP_vary-Tp0.0909_nc4_ni4000_nt2000_noburn_batch46.pkl
2024-08-14 09:05:12,878 - INFO - RnCnP_vary-Tp0.0909_nc4_ni4000_nt2000_noburn_batch47.pkl
2024-08-14 09:05:12,942 - INFO - RnCnP_vary-Tp0.0909_nc4_ni4000_nt2000_noburn_batch48.pkl
2024-08-14 09:05:12,994 - INFO - RnCnP_vary-Tp0.0909_nc4_ni4000_nt2000_noburn_batch49.pkl
2024-08-14 09:05:13,040 - INFO - RnCnP_vary-Tp0.0909_nc4_ni4000_nt2000_noburn_batch50.pkl
2024-08-14 09:05:13,093 - INFO - RnCnP_vary-Tp0.0909_nc4_ni4000_nt2000_noburn_batch51.pkl
2024-08-14 09:05:13,139 - INFO - RnCnP_vary-Tp0.0909_nc4_ni4000_nt2000_noburn_batch52.pkl
2024-08-14 09:05:13,185 - INFO - RnCnP_vary-Tp0.0909_nc4_ni4000_nt2000_noburn_batch53.pkl
2024-08-14 09:05:13,252 - INFO - RnCnP_vary-Tp0.0909_nc4_ni4000_nt2000_noburn_batch54.pkl
2024-08-14 09:05:13,313 - INFO - RnCnP_vary-Tp0.0909_nc4_ni4000_nt2000_noburn_batch55.pkl
2024-08-14 09:05:13,365 - INFO - RnCnP_vary-Tp0.0909_nc4_ni4000_nt2000_noburn_batch56.pkl
2024-08-14 09:05:13,419 - INFO - RnCnP_vary-Tp0.0909_nc4_ni4000_nt2000_noburn_batch57.pkl
2024-08-14 09:05:13,465 - INFO - RnCnP_vary-Tp0.0909_nc4_ni4000_nt2000_noburn_batch58.pkl
2024-08-14 09:05:13,517 - INFO - RnCnP_vary-Tp0.0909_nc4_ni4000_nt2000_noburn_batch59.pkl
2024-08-14 09:05:13,563 - INFO - RnCnP_vary-Tp0.0909_nc4_ni4000_nt2000_noburn_batch60.pkl
2024-08-14 09:05:13,629 - INFO - RnCnP_vary-Tp0.0909_nc4_ni4000_nt2000_noburn_batch61.pkl
2024-08-14 09:05:13,693 - INFO - RnCnP_vary-Tp0.0909_nc4_ni4000_nt2000_noburn_batch62.pkl
2024-08-14 09:05:13,751 - INFO - RnCnP_vary-Tp0.0909_nc4_ni4000_nt2000_noburn_batch63.pkl
2024-08-14 09:05:13,805 - INFO - RnCnP_vary-Tp0.0909_nc4_ni4000_nt2000_noburn_batch64.pkl
2024-08-14 09:05:13,869 - INFO - RnCnP_vary-Tp0.0909_nc4_ni4000_nt2000_noburn_batch65.pkl
2024-08-14 09:05:13,927 - INFO - RnCnP_vary-Tp0.0909_nc4_ni4000_nt2000_noburn_batch66.pkl
2024-08-14 09:05:14,000 - INFO - RnCnP_vary-Tp0.0909_nc4_ni4000_nt2000_noburn_batch67.pkl
2024-08-14 09:05:14,062 - INFO - RnCnP_vary-Tp0.0909_nc4_ni4000_nt2000_noburn_batch68.pkl
2024-08-14 09:05:14,119 - INFO - RnCnP_vary-Tp0.0909_nc4_ni4000_nt2000_noburn_batch69.pkl
2024-08-14 09:05:14,169 - INFO - RnCnP_vary-Tp0.0909_nc4_ni4000_nt2000_noburn_batch70.pkl
2024-08-14 09:05:14,227 - INFO - RnCnP_vary-Tp0.0909_nc4_ni4000_nt2000_noburn_batch71.pkl
2024-08-14 09:05:14,278 - INFO - RnCnP_vary-Tp0.0909_nc4_ni4000_nt2000_noburn_batch72.pkl
2024-08-14 09:05:14,351 - INFO - RnCnP_vary-Tp0.0909_nc4_ni4000_nt2000_noburn_batch73.pkl
2024-08-14 09:05:14,419 - INFO - RnCnP_vary-Tp0.0909_nc4_ni4000_nt2000_noburn_batch74.pkl
2024-08-14 09:05:14,476 - INFO - RnCnP_vary-Tp0.0909_nc4_ni4000_nt2000_noburn_batch75.pkl
2024-08-14 09:05:14,525 - INFO - RnCnP_vary-Tp0.0909_nc4_ni4000_nt2000_noburn_batch76.pkl
2024-08-14 09:05:14,576 - INFO - RnCnP_vary-Tp0.0909_nc4_ni4000_nt2000_noburn_batch77.pkl
2024-08-14 09:05:14,630 - INFO - RnCnP_vary-Tp0.0909_nc4_ni4000_nt2000_noburn_batch78.pkl
2024-08-14 09:05:14,684 - INFO - RnCnP_vary-Tp0.0909_nc4_ni4000_nt2000_noburn_batch79.pkl
2024-08-14 09:05:14,765 - INFO - RnCnP_vary-Tp0.0909_nc4_ni4000_nt2000_noburn_batch80.pkl
2024-08-14 09:05:14,837 - INFO - RnCnP_vary-Tp0.0909_nc4_ni4000_nt2000_noburn_batch81.pkl
2024-08-14 09:05:14,889 - INFO - RnCnP_vary-Tp0.0909_nc4_ni4000_nt2000_noburn_batch82.pkl
2024-08-14 09:05:14,949 - INFO - RnCnP_vary-Tp0.0909_nc4_ni4000_nt2000_noburn_batch83.pkl
2024-08-14 09:05:14,998 - INFO - RnCnP_vary-Tp0.0909_nc4_ni4000_nt2000_noburn_batch84.pkl
2024-08-14 09:05:15,048 - INFO - RnCnP_vary-Tp0.0909_nc4_ni4000_nt2000_noburn_batch85.pkl
2024-08-14 09:05:15,108 - INFO - RnCnP_vary-Tp0.0909_nc4_ni4000_nt2000_noburn_batch86.pkl
2024-08-14 09:05:15,174 - INFO - RnCnP_vary-Tp0.0909_nc4_ni4000_nt2000_noburn_batch87.pkl
2024-08-14 09:05:15,239 - INFO - RnCnP_vary-Tp0.0909_nc4_ni4000_nt2000_noburn_batch88.pkl
2024-08-14 09:05:15,298 - INFO - RnCnP_vary-Tp0.0909_nc4_ni4000_nt2000_noburn_batch89.pkl
2024-08-14 09:05:15,353 - INFO - RnCnP_vary-Tp0.0909_nc4_ni4000_nt2000_noburn_batch90.pkl
2024-08-14 09:05:15,411 - INFO - RnCnP_vary-Tp0.0909_nc4_ni4000_nt2000_noburn_batch91.pkl
2024-08-14 09:05:15,465 - INFO - RnCnP_vary-Tp0.0909_nc4_ni4000_nt2000_noburn_batch92.pkl
2024-08-14 09:05:15,538 - INFO - RnCnP_vary-Tp0.0909_nc4_ni4000_nt2000_noburn_batch93.pkl
2024-08-14 09:05:15,599 - INFO - RnCnP_vary-Tp0.0909_nc4_ni4000_nt2000_noburn_batch94.pkl
2024-08-14 09:05:15,648 - INFO - RnCnP_vary-Tp0.0909_nc4_ni4000_nt2000_noburn_batch95.pkl
2024-08-14 09:05:15,704 - INFO - RnCnP_vary-Tp0.0909_nc4_ni4000_nt2000_noburn_batch96.pkl
2024-08-14 09:05:15,756 - INFO - RnCnP_vary-Tp0.0909_nc4_ni4000_nt2000_noburn_batch97.pkl
2024-08-14 09:05:15,802 - INFO - RnCnP_vary-Tp0.0909_nc4_ni4000_nt2000_noburn_batch98.pkl
2024-08-14 09:05:15,876 - INFO - RnCnP_vary-Tp0.0909_nc4_ni4000_nt2000_noburn_batch99.pkl
2024-08-14 09:05:15,959 - INFO - RnCnP_vary-Tp0.0909_nc4_ni4000_nt2000_noburn_batch100.pkl
2024-08-14 09:05:16,018 - INFO - RnCnP_vary-Tp0.0909_nc4_ni4000_nt2000_noburn_batch101.pkl
2024-08-14 09:05:16,079 - INFO - RnCnP_vary-Tp0.0909_nc4_ni4000_nt2000_noburn_batch102.pkl
2024-08-14 09:05:16,134 - INFO - RnCnP_vary-Tp0.0909_nc4_ni4000_nt2000_noburn_batch103.pkl
2024-08-14 09:05:16,187 - INFO - RnCnP_vary-Tp0.0909_nc4_ni4000_nt2000_noburn_batch104.pkl
2024-08-14 09:05:16,237 - INFO - RnCnP_vary-Tp0.0909_nc4_ni4000_nt2000_noburn_batch105.pkl
2024-08-14 09:05:16,315 - INFO - RnCnP_vary-Tp0.0909_nc4_ni4000_nt2000_noburn_batch106.pkl
2024-08-14 09:05:16,381 - INFO - RnCnP_vary-Tp0.0909_nc4_ni4000_nt2000_noburn_batch107.pkl
2024-08-14 09:05:16,443 - INFO - RnCnP_vary-Tp0.0909_nc4_ni4000_nt2000_noburn_batch108.pkl
2024-08-14 09:05:16,495 - INFO - RnCnP_vary-Tp0.0909_nc4_ni4000_nt2000_noburn_batch109.pkl
2024-08-14 09:05:16,543 - INFO - RnCnP_vary-Tp0.0909_nc4_ni4000_nt2000_noburn_batch110.pkl
2024-08-14 09:05:16,585 - INFO - RnCnP_vary-Tp0.0909_nc4_ni4000_nt2000_noburn_batch111.pkl
2024-08-14 09:05:16,639 - INFO - RnCnP_vary-Tp0.0909_nc4_ni4000_nt2000_noburn_batch112.pkl
2024-08-14 09:05:16,708 - INFO - RnCnP_vary-Tp0.0909_nc4_ni4000_nt2000_noburn_batch113.pkl
2024-08-14 09:05:16,773 - INFO - RnCnP_vary-Tp0.0909_nc4_ni4000_nt2000_noburn_batch114.pkl
2024-08-14 09:05:16,837 - INFO - RnCnP_vary-Tp0.0909_nc4_ni4000_nt2000_noburn_batch115.pkl
2024-08-14 09:05:16,887 - INFO - RnCnP_vary-Tp0.0909_nc4_ni4000_nt2000_noburn_batch116.pkl
2024-08-14 09:05:16,935 - INFO - RnCnP_vary-Tp0.0909_nc4_ni4000_nt2000_noburn_batch117.pkl
2024-08-14 09:05:16,993 - INFO - RnCnP_vary-Tp0.0909_nc4_ni4000_nt2000_noburn_batch118.pkl
2024-08-14 09:05:17,069 - INFO - RnCnP_vary-Tp0.0909_nc4_ni4000_nt2000_noburn_batch119.pkl
2024-08-14 09:05:17,130 - INFO - RnCnP_vary-Tp0.0909_nc4_ni4000_nt2000_noburn_batch120.pkl
2024-08-14 09:05:17,184 - INFO - RnCnP_vary-Tp0.0909_nc4_ni4000_nt2000_noburn_batch121.pkl
2024-08-14 09:05:17,232 - INFO - RnCnP_vary-Tp0.0909_nc4_ni4000_nt2000_noburn_batch122.pkl
2024-08-14 09:05:17,289 - INFO - RnCnP_vary-Tp0.0909_nc4_ni4000_nt2000_noburn_batch123.pkl
2024-08-14 09:05:17,360 - INFO - Completed combining chains: Saving to ./step3/step2-in2pgm.pkl
2024-08-14 09:05:17,412 - INFO - Step 3 part a - posteriors combination is completed, TIME:7.895040988922119. 
 Now applying filtering and normalization...
